<?xml version='1.0' ?><testsuites errors="0" failures="2" tests="2" time="0.001"><testsuite name="Tests" tests="2"><testcase name="Smol" time="0.000" classname="Tests"><failure>*** Failed! (after 1 test):
Exception:
  Prelude.undefined
  CallStack (from HasCallStack):
    error, called at libraries/base/GHC/Err.hs:80:14 in base:GHC.Err
    undefined, called at assignment/src/Exercise07.hs:4:8 in test-0.1-5KpzWL0sBLc6a7Dd6MPSq6-submission:Exercise07
2
0 1795
1795 0

Use --quickcheck-replay=1 --quickcheck-max-size=50 to reproduce.</failure></testcase><testcase name="Beeg" time="0.000" classname="Tests"><failure>*** Failed! (after 1 test):
Exception:
  Prelude.undefined
  CallStack (from HasCallStack):
    error, called at libraries/base/GHC/Err.hs:80:14 in base:GHC.Err
    undefined, called at assignment/src/Exercise07.hs:4:8 in test-0.1-5KpzWL0sBLc6a7Dd6MPSq6-submission:Exercise07
2
0 1795
1795 0

Use --quickcheck-replay=1 --quickcheck-max-size=300 to reproduce.</failure></testcase></testsuite></testsuites>