<?xml version='1.0' ?><testsuites errors="0" failures="0" tests="12" time="0.019"><testsuite name="Tests" tests="12"><testsuite name="Properties" tests="9"><testsuite name="Checked by SmallCheck" tests="6"><testcase name="Testing filtering in A" time="0.006" classname="Tests.Properties.Checked by SmallCheck" /><testcase name="Testing mapping in A" time="0.000" classname="Tests.Properties.Checked by SmallCheck" /><testcase name="Testing filtering in B" time="0.003" classname="Tests.Properties.Checked by SmallCheck" /><testcase name="Testing mapping in B" time="0.000" classname="Tests.Properties.Checked by SmallCheck" /><testcase name="Testing filtering in C" time="0.003" classname="Tests.Properties.Checked by SmallCheck" /><testcase name="Testing mapping in C" time="0.000" classname="Tests.Properties.Checked by SmallCheck" /></testsuite><testsuite name="Checked by QuickCheck" tests="3"><testcase name="Testing A against sample solution" time="0.000" classname="Tests.Properties.Checked by QuickCheck" /><testcase name="Testing B against sample solution" time="0.002" classname="Tests.Properties.Checked by QuickCheck" /><testcase name="Testing C against sample solution" time="0.002" classname="Tests.Properties.Checked by QuickCheck" /></testsuite></testsuite><testsuite name="Unit Tests" tests="3"><testcase name="Testing selectAndReflectA (0,0) []" time="0.000" classname="Tests.Unit Tests" /><testcase name="Testing selectAndReflectB (0,1) [(0,0)]" time="0.000" classname="Tests.Unit Tests" /><testcase name="Testing selectAndReflectC (0,1) [(-1,-1)]" time="0.000" classname="Tests.Unit Tests" /></testsuite></testsuite></testsuites>