<?xml version='1.0' ?><testsuites errors="0" failures="0" tests="6" time="7.753"><testsuite name="Tests" tests="6"><testsuite name="Properties" tests="3"><testsuite name="Checked by SmallCheck" tests="0" /><testsuite name="Checked by QuickCheck" tests="3"><testcase name="Partial 1" time="0.116" classname="Tests.Properties.Checked by QuickCheck" /><testcase name="Partial 2" time="0.317" classname="Tests.Properties.Checked by QuickCheck" /><testcase name="Total" time="7.320" classname="Tests.Properties.Checked by QuickCheck" /></testsuite></testsuite><testsuite name="Unit Tests" tests="3"><testcase name="Empty string" time="0.000" classname="Tests.Unit Tests" /><testcase name="One char" time="0.000" classname="Tests.Unit Tests" /><testcase name="Only R" time="0.000" classname="Tests.Unit Tests" /></testsuite></testsuite></testsuites>