<?xml version='1.0' ?><testsuites errors="1" failures="1" tests="2" time="34.110"><testsuite name="Tests" tests="2"><testsuite name="Properties" tests="2"><testsuite name="Checked by SmallCheck" tests="0" /><testsuite name="Checked by QuickCheck" tests="1"><testcase name="Test Small Input" time="4.089" classname="Tests.Properties.Checked by QuickCheck"><failure>*** Failed! Falsified (after 4 tests):
[(0,86),(2,13),(2,32),(4,2),(5,2),(5,27),(7,68),(7,88),(8,54),(9,85),(11,16),(12,15),(12,22),(12,75),(13,4),(17,84),(19,31),(22,12),(22,21),(22,48),(22,81),(22,91),(24,57),(24,73),(24,95),(25,53),(26,75),(27,88),(31,44),(31,47),(33,90),(34,30),(35,8),(35,28),(37,11),(37,35),(37,94),(38,72),(41,14),(41,41),(41,68),(42,33),(44,23),(44,78),(45,9),(45,25),(45,69),(46,12),(46,61),(47,75),(47,77),(48,31),(48,43),(49,41),(50,54),(51,24),(52,17),(52,39),(52,95),(52,97),(53,7),(54,9),(55,27),(56,33),(57,85),(59,15),(60,96),(61,0),(62,57),(62,86),(63,50),(65,6),(65,80),(66,68),(67,18),(67,77),(68,11),(68,28),(69,30),(72,97),(74,39),(75,87),(76,53),(78,51),(79,40),(80,68),(81,44),(84,26),(86,44),(87,53),(87,98),(88,62),(91,48),(91,98),(92,64),(92,80),(94,76),(95,33),(95,47),(96,83),(97,62)]
Wrong result
Use --quickcheck-replay=1 to reproduce.</failure></testcase></testsuite><testsuite name="Checked by QuickCheck" tests="1"><testcase name="Test Big Input" time="30.020" classname="Tests.Properties.Checked by QuickCheck"><failure>TimeOut</failure></testcase></testsuite></testsuite><testsuite name="Unit Tests" tests="0" /></testsuite></testsuites>