<?xml version='1.0' ?><testsuites errors="0" failures="1" tests="2" time="1.343"><testsuite name="Tests" tests="2"><testsuite name="Properties" tests="2"><testsuite name="Checked by SmallCheck" tests="0" /><testsuite name="Checked by QuickCheck" tests="1"><testcase name="Test Small Input" time="0.068" classname="Tests.Properties.Checked by QuickCheck"><failure>*** Failed! Falsified (after 74 tests):
[(1,95),(3,29),(4,66),(4,97),(4,99),(6,6),(7,73),(8,6),(8,28),(8,50),(9,4),(9,38),(9,41),(9,50),(11,0),(11,45),(12,47),(15,78),(16,60),(17,38),(18,46),(19,78),(19,97),(22,49),(25,59),(26,10),(26,14),(27,46),(27,65),(27,79),(28,52),(29,56),(29,92),(30,2),(30,90),(31,32),(31,90),(34,65),(35,4),(35,10),(38,35),(39,76),(40,1),(40,4),(40,40),(43,53),(45,85),(48,56),(48,59),(50,56),(51,11),(52,72),(52,95),(54,2),(55,1),(55,90),(57,75),(58,27),(59,75),(60,83),(61,17),(61,40),(62,11),(64,49),(64,85),(64,99),(65,25),(67,72),(68,49),(68,85),(69,19),(69,54),(69,89),(70,12),(72,38),(73,20),(74,70),(76,18),(76,19),(76,30),(76,74),(76,90),(77,72),(78,86),(79,44),(81,27),(82,52),(83,56),(83,65),(86,1),(86,34),(86,79),(87,85),(89,58),(90,21),(91,45),(91,62),(92,27),(93,88),(94,70),(96,33)]
Wrong result
Use --quickcheck-replay=1 to reproduce.</failure></testcase></testsuite><testsuite name="Checked by QuickCheck" tests="1"><testcase name="Test Big Input" time="1.274" classname="Tests.Properties.Checked by QuickCheck" /></testsuite></testsuite><testsuite name="Unit Tests" tests="0" /></testsuite></testsuites>