<?xml version='1.0' ?><testsuites errors="2" failures="2" tests="6" time="20.069"><testsuite name="Tests" tests="6"><testsuite name="Properties" tests="3"><testsuite name="Checked by SmallCheck" tests="0" /><testsuite name="Checked by QuickCheck" tests="3"><testcase name="Partial 1" time="0.001" classname="Tests.Properties.Checked by QuickCheck"><failure>*** Failed! Falsified (after 2 tests):
Wrong Result
Use --quickcheck-replay=1 --quickcheck-max-size=2000 to reproduce.</failure></testcase><testcase name="Partial 2" time="0.023" classname="Tests.Properties.Checked by QuickCheck"><failure>*** Failed! Falsified (after 2 tests):
Wrong Result
Use --quickcheck-replay=1 --quickcheck-max-size=5000 to reproduce.</failure></testcase><testcase name="Total" time="10.025" classname="Tests.Properties.Checked by QuickCheck"><failure>TimeOut</failure></testcase></testsuite></testsuite><testsuite name="Unit Tests" tests="3"><testcase name="Empty string" time="0.000" classname="Tests.Unit Tests" /><testcase name="One char" time="0.000" classname="Tests.Unit Tests" /><testcase name="Only R" time="10.020" classname="Tests.Unit Tests"><failure>TimeOut</failure></testcase></testsuite></testsuite></testsuites>