<?xml version='1.0' ?><testsuites errors="1" failures="0" tests="2" time="34.031"><testsuite name="Tests" tests="2"><testsuite name="Properties" tests="2"><testsuite name="Checked by SmallCheck" tests="0" /><testsuite name="Checked by QuickCheck" tests="1"><testcase name="Test Small Input" time="0.243" classname="Tests.Properties.Checked by QuickCheck" /></testsuite><testsuite name="Checked by QuickCheck" tests="1"><testcase name="Test Big Input" time="33.787" classname="Tests.Properties.Checked by QuickCheck"><failure>TimeOut</failure></testcase></testsuite></testsuite><testsuite name="Unit Tests" tests="0" /></testsuite></testsuites>