<?xml version='1.0' ?><testsuites errors="0" failures="1" tests="2" time="0.618"><testsuite name="Tests" tests="2"><testsuite name="Properties" tests="2"><testsuite name="Checked by SmallCheck" tests="0" /><testsuite name="Checked by QuickCheck" tests="1"><testcase name="Test Small Input" time="0.039" classname="Tests.Properties.Checked by QuickCheck"><failure>*** Failed! Falsified (after 151 tests):
[(0,97),(2,19),(3,61),(6,43),(8,83),(9,41),(9,45),(10,11),(10,53),(12,1),(12,23),(13,62),(14,5),(15,29),(17,24),(17,45),(17,85),(17,91),(18,8),(19,81),(20,47),(20,85),(21,13),(24,12),(24,96),(27,2),(27,48),(27,69),(29,79),(30,0),(34,71),(35,81),(35,93),(36,16),(38,13),(38,91),(39,32),(40,2),(40,60),(43,99),(46,13),(47,25),(47,94),(48,18),(48,31),(49,39),(51,26),(51,57),(51,91),(52,0),(52,15),(52,62),(52,63),(53,3),(53,58),(54,74),(55,97),(57,32),(57,47),(58,77),(59,48),(59,57),(60,86),(61,13),(62,27),(64,95),(66,1),(67,47),(68,5),(69,53),(70,30),(71,19),(72,35),(73,80),(74,11),(76,17),(76,59),(77,41),(77,91),(78,11),(79,4),(81,17),(81,55),(81,83),(82,33),(82,99),(83,2),(83,66),(85,32),(86,83),(87,24),(89,4),(89,74),(90,18),(91,19),(91,22),(92,45),(92,54),(95,50),(95,93)]
Wrong result
Use --quickcheck-replay=1 to reproduce.</failure></testcase></testsuite><testsuite name="Checked by QuickCheck" tests="1"><testcase name="Test Big Input" time="0.579" classname="Tests.Properties.Checked by QuickCheck" /></testsuite></testsuite><testsuite name="Unit Tests" tests="0" /></testsuite></testsuites>