<?xml version='1.0' ?><testsuites errors="0" failures="2" tests="2" time="0.088"><testsuite name="Tests" tests="2"><testsuite name="Properties" tests="2"><testsuite name="Checked by SmallCheck" tests="0" /><testsuite name="Checked by QuickCheck" tests="1"><testcase name="Test Small Input" time="0.002" classname="Tests.Properties.Checked by QuickCheck"><failure>*** Failed! (after 1 test):
Exception:
  Prelude.undefined
  CallStack (from HasCallStack):
    error, called at libraries/base/GHC/Err.hs:80:14 in base:GHC.Err
    undefined, called at assignment/src/Exercise05.hs:17:39 in test-0.1-DSJlsgfkENw4d0hUxc14Jx-submission:Exercise05
[(0,67),(2,14),(2,46),(3,1),(5,90),(8,22),(13,26),(13,48),(15,10),(16,27),(16,92),(18,48),(18,99),(19,4),(22,8),(23,32),(25,83),(26,60),(28,26),(28,64),(29,7),(31,92),(33,27),(34,17),(34,72),(35,66),(36,44),(37,51),(37,64),(38,76),(39,50),(40,33),(42,15),(43,43),(44,53),(45,15),(45,69),(47,37),(47,87),(50,55),(52,2),(53,6),(53,58),(54,21),(55,48),(56,75),(57,92),(58,9),(59,6),(59,8),(61,26),(62,48),(63,19),(64,12),(65,69),(66,31),(66,47),(66,67),(67,65),(67,84),(67,93),(68,7),(68,17),(68,89),(69,42),(70,18),(70,72),(71,13),(72,88),(73,68),(73,96),(74,8),(74,90),(75,6),(75,97),(76,10),(76,81),(78,86),(79,82),(79,83),(80,3),(80,14),(81,94),(85,1),(85,22),(85,96),(85,97),(86,18),(86,69),(86,91),(88,57),(88,84),(89,36),(91,67),(94,26),(94,52),(95,15),(95,51),(97,19),(97,40),(97,48)]
Wrong result
Use --quickcheck-replay=1 to reproduce.</failure></testcase></testsuite><testsuite name="Checked by QuickCheck" tests="1"><testcase name="Test Big Input" time="0.086" classname="Tests.Properties.Checked by QuickCheck"><failure>*** Failed! (after 1 test):
Exception:
  Prelude.undefined
  CallStack (from HasCallStack):
    error, called at libraries/base/GHC/Err.hs:80:14 in base:GHC.Err
    undefined, called at assignment/src/Exercise05.hs:17:39 in test-0.1-DSJlsgfkENw4d0hUxc14Jx-submission:Exercise05
[(1,8623),(3,6322),(9,1585),(10,933),(10,1195),(10,9441),(12,2189),(12,9886),(13,9738),(15,8725),(18,7295),(20,9865),(23,7454),(24,4316),(24,9212),(26,4203),(38,4833),(40,5063),(41,6405),(43,8079),(44,5694),(46,2460),(48,1063),(50,4232),(55,2350),(59,4267),(60,333),(64,4338),(65,7885),(67,9798),(68,6776),(70,3724),(72,1826),(72,6021),(72,6258),(74,597),(79,1684),(80,2867),(81,5608),(83,6303),(83,6396),(89,1332),(90,8667),(92,6295),(96,3816),(96,4602),(97,1650),(98,4997),(99,2553),(99,5139),(99,6430),(99,7254),(100,5464),(107,2714),(108,7312),(113,3824),(114,2428),(130,2902),(130,8612),(137,6042),(138,5043),(140,3005),(141,1761),(143,3609),(143,4053),(144,120),(145,1507),(145,2837),(147,1195),(149,4832),(149,8931),(150,1025),(151,4662),(155,6601),(160,7623),(163,3856),(164,2131),(167,3485),(168,2177),(170,4736),(172,5369),(174,2635),(177,1414),(178,7136),(178,9418),(179,6251),(180,936),(183,3827),(184,296),(185,8639),(186,7638),(188,2007),(193,6259),(194,5371),(194,5880),(195,9578),(196,9320),(196,9558),(197,5374),(198,201),(198,3281),(204,2727),(204,7109),(205,675),(210,2134),(210,4286),(211,131),(215,1105),(217,4539),(218,2151),(218,4644),(218,4826),(220,7996),(220,8142),(224,3344),(226,9294),(228,2746),(230,7289),(231,2833),(239,7513),(243,5969),(245,5451),(245,7987),(248,404),(250,825),(253,8719),(254,9939),(256,3157),(257,8884),(259,2647),(261,8760),(268,7518),(269,3500),(269,7396),(270,6180),(271,4093),(272,8538),(273,1194),(273,5985),(273,6794),(273,8386),(277,8957),(279,580),(280,2236),(280,2650),(282,5334),(283,8740),(284,3408),(285,4562),(286,487),(290,3849),(303,3949),(305,2411),(313,6732),(315,9501),(316,5793),(317,265),(317,4616),(321,3922),(321,7828),(323,1855),(323,1983),(323,4636),(324,7192),(324,7630),(326,7196),(329,5831),(329,9547),(331,3117),(333,267),(334,2233),(334,7517),(335,3099),(336,1560),(346,6709),(347,9259),(351,3903),(353,5249),(353,5420),(354,6639),(354,8654),(355,3039),(357,543),(359,5687),(359,7223),(359,8236),(360,1883),(362,8706),(363,9909),(365,3356),(367,6636),(369,6218),(372,9064),(373,3137),(378,6434),(378,8780),(379,6569),(382,7970),(388,925),(389,8696),(395,8317),(398,1199),(398,6688),(400,902),(400,6938),(402,4216),(402,5903),(402,6877),(403,1151),(404,4487),(404,5142),(407,6899),(408,8353),(408,8586),(410,1207),(412,5377),(413,3086),(415,9874),(416,3793),(419,8680),(427,3331),(428,1799),(430,7798),(430,9505),(433,6089),(434,53),(434,6653),(435,1388),(436,3184),(436,3329),(436,9113),(439,913),(446,4821),(447,2052),(448,9131),(456,7539),(457,1580),(457,3058),(459,8185),(466,8373),(472,2944),(473,1819),(473,5187),(474,16),(475,678),(476,7266),(480,5581),(482,1475),(483,1416),(483,1666),(485,9575),(486,1784),(486,2074),(494,8643),(501,4311),(502,3379),(504,1787),(504,4399),(509,898),(511,5839),(519,7730),(521,7901),(521,8628),(523,789),(524,3647),(524,6137),(524,7110),(527,500),(528,4604),(529,2355),(530,5121),(531,6760),(533,3498),(538,3102),(539,5092),(540,2469),(540,6869),(540,9222),(541,3371),(543,3005),(547,5213),(553,5117),(553,8755),(554,2736),(556,5514),(556,7293),(558,861),(562,3532),(565,5696),(565,8500),(569,79),(570,8210),(573,6994),(574,2949),(574,3774),(578,1123),(579,1484),(579,2756),(582,840),(583,1521),(584,1086),(585,7996),(586,7636),(593,8413),(594,4347),(595,2759),(606,6700),(608,1037),(610,448),(612,6525),(613,3873),(614,3995),(615,1172),(615,4304),(616,4654),(619,4756),(620,3791),(621,415),(623,1520),(626,5346),(628,8092),(630,9293),(632,4361),(633,7736),(633,8050),(634,424),(635,1126),(635,8252),(636,7531),(640,1533),(643,4740),(645,2272),(647,1712),(649,9255),(650,2576),(651,771),(656,729),(658,9321),(659,3011),(663,9554),(668,6224),(669,676),(671,7168),(673,2746),(673,8781),(678,9330),(679,8487),(680,5799),(680,8260),(683,5812),(685,8669),(690,9479),(691,8100),(697,8745),(702,553),(702,8475),(703,1009),(704,7796),(705,5398),(707,4334),(708,6998),(710,8422),(711,9054),(720,7257),(721,727),(721,2055),(724,9402),(726,3234),(726,7872),(727,980),(728,1097),(730,5438),(731,3011),(732,2537),(732,6404),(733,2967),(734,1526),(734,1668),(735,359),(735,5276),(740,5115),(740,6118),(744,4537),(745,7155),(747,469),(747,7670),(749,2718),(749,6583),(750,5356),(750,8968),(751,5269),(754,4572),(758,6258),(759,5804),(763,185),(763,3911),(766,8233),(769,1720),(770,7647),(770,8926),(770,9670),(773,5931),(773,8785),(778,3605),(778,5655),(778,7675),(778,9778),(781,9219),(787,9293),(787,9332),(788,4269),(789,4276),(795,8740),(797,6338),(798,4735),(798,7850),(799,7601),(804,594),(807,7385),(808,5687),(809,7590),(812,1263),(816,7982),(818,4656),(823,8795),(824,3056),(827,8172),(828,5865),(834,3144),(834,6639),(836,6390),(837,6711),(841,9191),(842,9072),(843,352),(843,8733),(845,3338),(845,5193),(847,2586),(850,7962),(851,8969),(853,1488),(854,5260),(854,9525),(855,9675),(857,2208),(857,6242),(859,2421),(863,4352),(865,3420),(867,154),(867,7551),(871,2359),(871,4125),(872,1631),(875,2810),(883,8658),(885,5597),(886,6273),(887,2444),(887,8884),(891,8684),(892,1804),(894,93),(896,7937),(897,916),(898,3595),(898,7388),(900,2073),(901,550),(904,27),(906,190),(909,7865),(910,8708),(911,6115),(913,2963),(914,3611),(915,3298),(917,2611),(920,8048),(925,291),(925,4954),(930,1141),(930,2799),(931,6322),(931,8720),(931,9083),(932,7008),(932,9941),(933,1107),(934,257),(937,9246),(940,469),(940,8024),(941,8850),(942,1594),(944,7334),(948,5437),(953,7479),(954,3600),(954,9026),(957,7121),(959,8400),(963,5174),(964,3521),(966,1669),(969,1362),(972,9938),(973,1585),(974,7113),(974,9357),(976,5447),(978,575),(979,955),(980,3003),(984,2697),(985,9858),(992,8693),(995,5328),(999,5435),(999,5677),(1002,5959),(1002,6254),(1004,8704),(1006,3586),(1009,9627),(1010,7802),(1015,2876),(1020,2746),(1021,2122),(1025,7251),(1026,4934),(1026,8900),(1028,2789),(1031,1487),(1036,4638),(1036,9899),(1037,2963),(1039,7318),(1040,1576),(1043,2254),(1043,6703),(1044,1619),(1046,4367),(1046,6126),(1047,7973),(1049,1950),(1053,6626),(1054,472),(1056,6353),(1056,8856),(1058,4204),(1063,5581),(1065,2726),(1067,1353),(1069,1349),(1070,1809),(1071,1488),(1071,3971),(1071,8197),(1072,1385),(1074,5766),(1080,3447),(1081,3084),(1082,6033),(1085,9149),(1087,5142),(1089,4043),(1090,1145),(1091,6471),(1092,6595),(1093,7420),(1097,548),(1098,1945),(1098,7464),(1098,9682),(1101,8941),(1101,9560),(1102,6401),(1105,6107),(1112,8706),(1113,7076),(1113,7660),(1116,5456),(1117,4471),(1119,5640),(1123,1498),(1124,4580),(1130,7130),(1134,3331),(1134,5274),(1137,9843),(1138,4126),(1139,6626),(1139,7740),(1140,3661),(1141,5458),(1143,9989),(1147,390),(1149,6986),(1150,899),(1151,6971),(1152,4774),(1156,441),(1156,4630),(1158,2198),(1158,5233),(1160,1852),(1161,747),(1163,7332),(1164,5409),(1166,5456),(1167,2917),(1173,6955),(1174,203),(1174,5841),(1176,3601),(1176,6673),(1177,7173),(1178,427),(1179,388),(1180,8481),(1184,2607),(1185,6539),(1187,3301),(1188,451),(1188,2235),(1189,1155),(1189,2650),(1190,4193),(1193,5919),(1195,6838),(1196,793),(1197,1655),(1199,5805),(1206,6659),(1207,3677),(1207,3849),(1208,2666),(1208,9759),(1210,8177),(1210,8683),(1217,9724),(1219,8039),(1220,231),(1228,7927),(1235,6712),(1236,7110),(1237,2577),(1237,5477),(1237,8651),(1238,6088),(1240,9249),(1243,2376),(1245,6467),(1253,663),(1256,5781),(1256,8420),(1258,611),(1260,2358),(1260,6317),(1261,6107),(1263,3015),(1265,891),(1265,4848),(1271,8309),(1285,521),(1286,6265),(1286,8214),(1289,6737),(1289,8446),(1290,2143),(1295,4994),(1300,6921),(1301,5754),(1302,1181),(1302,5630),(1304,843),(1308,3227),(1311,9131),(1312,3540),(1315,3295),(1316,5747),(1316,6681),(1319,5971),(1321,3691),(1322,1696),(1326,7984),(1330,6634),(1331,7941),(1332,3321),(1334,9757),(1336,2441),(1336,5240),(1336,5955),(1336,8772),(1340,4375),(1341,2458),(1344,8398),(1345,2454),(1346,1789),(1346,9269),(1347,2493),(1355,2986),(1355,3656),(1356,3918),(1362,6180),(1363,9032),(1367,6337),(1370,7675),(1370,7945),(1371,612),(1371,4118),(1372,1956),(1376,2041),(1376,4448),(1376,6899),(1380,6417),(1385,7284),(1386,1603),(1389,3820),(1392,3341),(1395,6246),(1397,962),(1399,7612),(1400,7984),(1403,4842),(1404,6161),(1406,1748),(1407,1616),(1411,1530),(1412,4000),(1413,6626),(1414,9958),(1415,7285),(1417,6377),(1419,3718),(1422,1917),(1423,2785),(1424,5912),(1424,6969),(1425,4458),(1426,3942),(1428,6253),(1430,1551),(1436,5413),(1439,2379),(1440,5300),(1441,529),(1442,6905),(1447,1592),(1447,7419),(1448,4532),(1450,7379),(1455,6731),(1457,5583),(1459,5917),(1460,337),(1463,2451),(1463,7348),(1467,1467),(1470,5218),(1471,6028),(1477,1201),(1478,1130),(1479,1984),(1480,6974),(1482,3535),(1483,3397),(1484,2052),(1485,7006),(1488,9314),(1511,4972),(1514,5989),(1515,2694),(1517,9921),(1519,6299),(1522,584),(1523,6632),(1524,1609),(1529,3206),(1531,6930),(1532,2274),(1532,8032),(1535,1160),(1537,3099),(1540,4851),(1541,3085),(1542,9123),(1542,9531),(1543,5090),(1543,6056),(1546,1973),(1546,9100),(1548,4089),(1549,6391),(1551,9462),(1553,1233),(1555,8577),(1559,642),(1559,7420),(1561,643),(1561,5683),(1567,2011),(1569,90),(1573,206),(1577,4789),(1579,6919),(1581,9795),(1583,991),(1585,8819),(1588,5654),(1589,45),(1595,3443),(1595,4178),(1596,9690),(1597,2723),(1597,6921),(1598,2882),(1598,7854),(1599,8285),(1601,8015),(1602,6621),(1605,2887),(1605,9023),(1606,5858),(1607,4374),(1607,5858),(1607,5889),(1607,7317),(1609,6408),(1611,3087),(1612,6377),(1618,2970),(1618,4450),(1627,5405),(1628,8203),(1631,2131),(1634,190),(1636,3772),(1639,4565),(1641,3883),(1641,4302),(1643,7435),(1644,6366),(1647,8599),(1651,7850),(1653,1243),(1659,2310),(1660,630),(1660,9138),(1661,3111),(1661,5465),(1661,9008),(1665,6057),(1665,6373),(1669,4961),(1670,1878),(1673,5286),(1680,6281),(1681,5578),(1681,6732),(1682,2428),(1683,1850),(1683,6707),(1683,7151),(1685,7072),(1687,6125),(1692,4681),(1693,4735),(1695,4749),(1697,6858),(1700,4344),(1702,5093),(1703,6932),(1706,1029),(1714,3073),(1715,4112),(1719,6757),(1720,7555),(1722,1984),(1723,1312),(1725,3783),(1733,6832),(1734,7701),(1736,576),(1737,5825),(1738,7287),(1742,3358),(1743,1124),(1743,5716),(1744,4217),(1745,1770),(1748,5724),(1752,8804),(1753,1308),(1754,2096),(1754,6497),(1755,9331),(1756,4755),(1756,5240),(1758,6509),(1759,5074),(1760,1429),(1760,4443),(1761,447),(1762,3655),(1763,1160),(1763,8438),(1764,6231),(1765,9541),(1770,3616),(1770,3687),(1774,2579),(1775,6772),(1777,9600),(1782,1402),(1783,619),(1783,8096),(1787,3392),(1789,2863),(1789,7288),(1789,9987),(1792,7467),(1795,940),(1795,6339),(1797,3375),(1799,1132),(1799,8457),(1801,7498),(1806,1280),(1813,7803),(1814,1796),(1814,2934),(1816,859),(1819,5409),(1824,2844),(1828,9405),(1830,5632),(1832,2220),(1832,4516),(1832,7364),(1835,6559),(1836,1624),(1837,305),(1839,5649),(1847,8741),(1850,4255),(1850,4625),(1852,3273),(1854,4251),(1854,6101),(1857,6533),(1858,4824),(1862,7376),(1863,2706),(1868,1773),(1869,1384),(1874,8469),(1875,4822),(1880,2095),(1880,4289),(1882,715),(1884,7575),(1885,105),(1885,4313),(1887,156),(1888,5547),(1888,6656),(1890,7291),(1891,6296),(1892,3020),(1893,612),(1893,3069),(1893,4483),(1894,7508),(1895,4604),(1900,1503),(1902,4642),(1903,457),(1903,4243),(1904,1424),(1904,4357),(1907,9913),(1909,9916),(1911,9035),(1912,4466),(1913,5145),(1913,6307),(1915,2254),(1916,846),(1918,3919),(1918,5543),(1918,6392),(1922,6341),(1927,4365),(1928,7953),(1930,2942),(1932,941),(1934,5219),(1935,2604),(1937,3668),(1937,5238),(1937,9704),(1939,9789),(1940,3653),(1940,5952),(1945,3203),(1946,628),(1948,7034),(1951,6559),(1954,9341),(1955,9877),(1958,4137),(1960,5040),(1962,9362),(1963,271),(1963,8096),(1963,9316),(1968,7915),(1969,58),(1970,2712),(1971,7601),(1972,2710),(1974,4946),(1975,4038),(1977,982),(1977,6694),(1978,4633),(1978,7085),(1983,1921),(1984,3841),(1989,9395),(1990,5625),(1991,7706),(1992,2000),(1992,6241),(1993,8036),(2003,9702),(2004,8272),(2006,1197),(2011,843),(2014,968),(2014,6819),(2015,2251),(2016,2532),(2018,3203),(2019,1284),(2021,2483),(2022,1977),(2027,1624),(2029,1616),(2032,7935),(2033,3257),(2033,4972),(2035,3193),(2036,2652),(2037,5085),(2038,2183),(2039,1170),(2043,1996),(2045,5756),(2047,8941),(2052,1069),(2055,2644),(2057,6349),(2062,2090),(2063,8595),(2072,1947),(2072,2262),(2079,6268),(2083,2337),(2084,3936),(2089,5053),(2091,4764),(2092,3375),(2092,9163),(2093,5222),(2096,4774),(2098,568),(2098,5767),(2103,6872),(2105,1496),(2107,7320),(2107,7491),(2108,3000),(2118,7719),(2119,9899),(2126,6161),(2128,5492),(2129,3496),(2130,201),(2131,6124),(2133,7408),(2141,3039),(2144,1355),(2146,3392),(2147,450),(2152,3660),(2152,8934),(2153,4422),(2153,5217),(2155,13),(2157,2151),(2160,6069),(2164,8281),(2165,8353),(2169,389),(2170,9613),(2171,5076),(2172,4750),(2172,7840),(2177,1110),(2179,9769),(2181,1172),(2184,9783),(2185,4487),(2191,5080),(2192,2156),(2192,8348),(2192,9993),(2194,8176),(2197,6997),(2199,7727),(2207,3340),(2210,4285),(2211,3454),(2212,5756),(2213,5053),(2214,9892),(2215,8430),(2216,6410),(2220,7628),(2223,1815),(2225,3531),(2226,2188),(2227,721),(2228,813),(2229,8591),(2233,2995),(2235,5983),(2237,3714),(2240,2962),(2242,2423),(2244,4193),(2244,9492),(2245,7940),(2245,9667),(2248,133),(2249,2569),(2256,5271),(2257,4453),(2259,8611),(2260,3713),(2264,5889),(2265,2142),(2270,1802),(2270,6510),(2270,7971),(2273,4411),(2275,6608),(2278,3771),(2279,4656),(2282,6184),(2284,1950),(2285,2688),(2285,6911),(2286,8540),(2288,4879),(2289,3815),(2291,9059),(2292,5439),(2292,8308),(2292,8571),(2293,2726),(2294,9814),(2296,6693),(2299,4239),(2307,4880),(2307,7219),(2307,9214),(2308,745),(2310,9330),(2312,5667),(2314,7827),(2318,7655),(2320,7929),(2322,1396),(2323,7752),(2324,6707),(2328,4691),(2328,6362),(2332,6092),(2336,1923),(2336,9366),(2336,9885),(2336,9969),(2339,5681),(2340,6866),(2341,283),(2344,9844),(2348,863),(2353,5181),(2355,4127),(2359,6702),(2365,2840),(2368,3483),(2372,2302),(2378,750),(2379,3779),(2379,9906),(2382,8562),(2386,7121),(2391,1731),(2391,6614),(2399,3224),(2400,1774),(2401,5368),(2403,436),(2406,12),(2406,9057),(2407,1725),(2407,7868),(2408,6882),(2409,6244),(2412,1524),(2414,2759),(2414,5032),(2414,5693),(2416,9832),(2417,7347),(2419,5818),(2423,4438),(2425,2493),(2428,6448),(2428,7190),(2432,3822),(2434,4464),(2435,3400),(2435,4638),(2436,385),(2438,6116),(2438,7040),(2441,4162),(2443,11),(2443,6994),(2449,5178),(2454,1154),(2455,909),(2456,5647),(2457,541),(2458,2153),(2458,6080),(2460,5960),(2465,6841),(2467,2752),(2467,3174),(2470,2278),(2472,7160),(2473,4874),(2476,7423),(2484,6900),(2488,3511),(2489,8006),(2492,5298),(2496,8334),(2498,8639),(2499,4879),(2500,2285),(2500,7384),(2504,6101),(2504,8748),(2506,6118),(2506,6631),(2506,9607),(2510,4624),(2514,5095),(2514,9350),(2516,1855),(2516,2791),(2518,228),(2518,4852),(2518,5887),(2519,811),(2520,2765),(2520,5547),(2521,5587),(2524,2193),(2525,4016),(2531,9235),(2531,9341),(2534,4560),(2534,5345),(2536,923),(2540,9076),(2545,2749),(2549,9636),(2550,4494),(2552,8870),(2553,6016),(2555,1608),(2556,6522),(2557,9738),(2561,8270),(2562,681),(2571,2797),(2574,4965),(2578,3209),(2578,6502),(2579,5229),(2580,4844),(2581,3624),(2586,4714),(2594,5521),(2596,6227),(2597,5913),(2601,1681),(2601,2709),(2601,8291),(2601,9773),(2603,2293),(2603,5016),(2609,64),(2610,3982),(2611,3007),(2611,5822),(2613,1677),(2614,5655),(2618,6438),(2619,336),(2619,7649),(2621,690),(2622,4256),(2623,4209),(2626,3055),(2626,7234),(2626,9384),(2643,1500),(2643,3625),(2647,209),(2647,992),(2647,1362),(2647,3654),(2647,4111),(2648,2773),(2649,2123),(2651,4284),(2654,755),(2658,5012),(2659,4550),(2659,6769),(2662,7180),(2662,7709),(2664,9122),(2665,738),(2665,3366),(2666,6718),(2667,557),(2667,4057),(2668,1847),(2672,7086),(2676,6684),(2677,8801),(2683,7670),(2684,6088),(2685,2166),(2689,7724),(2693,617),(2693,3498),(2698,6744),(2698,9375),(2699,8902),(2700,4205),(2702,1538),(2704,2737),(2707,6075),(2708,6247),(2712,5093),(2715,8789),(2717,1286),(2720,1716),(2720,5055),(2722,5679),(2723,7370),(2726,5052),(2727,9588),(2729,6339),(2731,1663),(2731,4937),(2732,8412),(2739,1194),(2744,8603),(2746,7433),(2750,6868),(2752,1109),(2753,6021),(2754,4596),(2755,1179),(2755,9785),(2757,8598),(2758,5614),(2761,266),(2763,1326),(2763,7900),(2765,902),(2765,2758),(2769,9710),(2770,253),(2770,7201),(2770,9074),(2772,2945),(2773,8309),(2775,6862),(2782,8552),(2788,6268),(2789,9676),(2790,1614),(2790,5695),(2791,493),(2791,6277),(2791,6796),(2792,4688),(2794,2537),(2799,6823),(2804,174),(2804,4397),(2804,8508),(2806,1938),(2808,3344),(2813,2399),(2815,3273),(2815,9201),(2819,2353),(2821,2529),(2821,7465),(2822,7260),(2823,8302),(2826,2587),(2828,2592),(2829,694),(2831,1975),(2833,8728),(2840,3341),(2840,3902),(2840,5076),(2841,198),(2844,2919),(2844,8604),(2845,4878),(2850,5556),(2850,8697),(2853,4311),(2857,9232),(2859,9879),(2860,1478),(2862,1302),(2863,4255),(2864,7486),(2867,6318),(2870,1637),(2871,397),(2872,2246),(2873,4229),(2875,8519),(2876,1502),(2879,4667),(2881,8551),(2886,3004),(2886,3478),(2887,5567),(2890,4289),(2891,1209),(2892,4506),(2894,1210),(2896,8229),(2898,6622),(2898,9172),(2902,5),(2902,6863),(2903,5186),(2909,7397),(2922,6386),(2923,9527),(2926,53),(2929,6997),(2930,8314),(2931,288),(2931,1939),(2931,3201),(2932,2349),(2932,8120),(2933,9844),(2935,1481),(2937,2954),(2937,8530),(2938,5269),(2944,2377),(2947,710),(2952,2587),(2958,6978),(2965,4702),(2965,5753),(2965,7175),(2966,687),(2970,2861),(2970,9084),(2974,5914),(2975,8529),(2976,3667),(2977,1462),(2977,4426),(2978,645),(2982,7965),(2984,4388),(2989,4829),(2991,3542),(2992,3995),(2993,4472),(2994,7887),(2995,8569),(2996,5324),(2996,8642),(2999,1941),(2999,2504),(3002,5232),(3005,4277),(3005,4482),(3005,5018),(3006,64),(3008,2533),(3011,5499),(3011,7596),(3014,2221),(3014,8998),(3018,6122),(3022,338),(3023,3976),(3027,3960),(3028,6565),(3028,9326),(3032,4987),(3032,5123),(3033,6268),(3035,3812),(3036,6844),(3036,7086),(3039,9225),(3041,622),(3043,3293),(3044,623),(3044,8695),(3046,4501),(3054,1117),(3054,8485),(3056,2481),(3063,5568),(3069,8391),(3070,6593),(3072,2827),(3073,3248),(3073,3710),(3074,1118),(3083,7117),(3084,9442),(3087,9128),(3088,6346),(3089,807),(3091,5729),(3092,8573),(3093,4581),(3093,9140),(3094,1728),(3095,5960),(3101,1652),(3102,9999),(3106,994),(3106,3216),(3112,6000),(3112,6439),(3112,7622),(3114,3462),(3117,5770),(3119,2911),(3119,6079),(3120,7466),(3127,483),(3129,7681),(3132,1527),(3135,3477),(3140,5426),(3141,5336),(3141,9703),(3142,8191),(3147,6907),(3148,6536),(3148,7102),(3149,899),(3149,5899),(3151,4558),(3152,7842),(3155,4220),(3157,7212),(3159,562),(3161,5012),(3162,8367),(3163,744),(3164,9439),(3165,1464),(3168,2119),(3173,1855),(3176,1551),(3177,1427),(3177,6330),(3184,4675),(3187,6962),(3187,7596),(3188,599),(3189,2694),(3190,5717),(3196,9604),(3197,7317),(3201,5066),(3202,6799),(3203,2944),(3204,2760),(3204,3682),(3211,4043),(3213,805),(3214,1511),(3215,9498),(3216,2150),(3216,6335),(3222,9511),(3223,5806),(3234,815),(3235,128),(3237,7019),(3238,3026),(3241,636),(3242,5425),(3246,4256),(3248,3012),(3248,8755),(3253,1035),(3253,5903),(3254,5246),(3255,6553),(3257,6955),(3260,3951),(3262,3520),(3264,1195),(3266,650),(3271,8139),(3274,6766),(3276,384),(3278,9480),(3280,4407),(3282,168),(3283,2413),(3283,3010),(3283,3823),(3285,9038),(3287,5715),(3288,2427),(3291,1798),(3292,9862),(3294,2052),(3299,2192),(3300,7318),(3303,8236),(3304,1293),(3305,9789),(3308,2134),(3311,6490),(3314,3584),(3315,9026),(3319,421),(3323,1842),(3323,6734),(3326,7493),(3327,4399),(3328,212),(3331,2673),(3333,4951),(3335,7008),(3337,7707),(3340,2717),(3340,3812),(3340,5431),(3340,7448),(3342,2190),(3344,611),(3344,2418),(3345,3396),(3346,483),(3350,1004),(3352,4788),(3356,396),(3356,738),(3357,4830),(3357,9526),(3358,7557),(3361,3590),(3362,1627),(3362,1816),(3365,2676),(3366,173),(3366,5823),(3368,5792),(3375,8735),(3378,4344),(3378,9176),(3383,4236),(3384,7684),(3387,7032),(3389,8369),(3396,2324),(3399,3718),(3400,4362),(3402,7294),(3404,2554),(3405,1426),(3406,861),(3407,3832),(3410,4582),(3411,7050),(3411,9090),(3412,4778),(3412,6621),(3417,5491),(3420,1130),(3424,4022),(3426,5813),(3436,422),(3437,1739),(3438,6172),(3441,5203),(3449,1194),(3450,6243),(3452,7084),(3453,7543),(3467,262),(3471,4461),(3471,5318),(3472,4825),(3473,1926),(3476,1697),(3477,5383),(3477,7798),(3478,8111),(3480,6546),(3481,3697),(3487,5881),(3489,3602),(3491,6272),(3498,9920),(3499,7965),(3500,4863),(3503,2015),(3504,3613),(3504,6516),(3504,9527),(3506,7675),(3507,9083),(3510,1173),(3511,7195),(3512,264),(3513,3759),(3514,2882),(3515,2446),(3516,4263),(3516,9996),(3520,5242),(3521,9113),(3522,4907),(3523,6045),(3525,7924),(3528,1009),(3528,8672),(3528,9693),(3530,9154),(3533,6654),(3534,9621),(3536,1189),(3539,754),(3539,6327),(3540,9316),(3542,1934),(3546,4540),(3546,5692),(3547,4066),(3548,243),(3549,1343),(3550,7989),(3551,2784),(3552,8508),(3558,4287),(3565,8822),(3567,9962),(3569,3605),(3571,4206),(3575,235),(3576,8679),(3579,8097),(3582,5308),(3582,8425),(3582,9564),(3587,1993),(3588,6066),(3589,9872),(3592,9578),(3595,8741),(3597,5648),(3600,1140),(3605,6982),(3606,126),(3608,3625),(3619,6577),(3632,8976),(3635,3525),(3642,3320),(3643,941),(3644,4758),(3644,5085),(3644,9743),(3645,9628),(3647,3448),(3652,287),(3653,8742),(3655,4279),(3655,8018),(3658,2123),(3663,3219),(3663,8183),(3665,4660),(3670,7930),(3671,5559),(3671,9828),(3672,3734),(3676,2826),(3679,1182),(3681,6273),(3683,3151),(3683,9635),(3686,8150),(3687,9235),(3693,139),(3695,6374),(3698,1115),(3700,8290),(3701,5153),(3704,9965),(3710,856),(3714,3729),(3718,3903),(3722,651),(3729,144),(3733,5890),(3739,7596),(3741,4994),(3744,5493),(3744,8279),(3749,371),(3749,3738),(3751,1647),(3752,26),(3752,833),(3754,5893),(3759,4935),(3762,7985),(3764,4183),(3768,2284),(3771,8352),(3776,2352),(3778,2727),(3778,8589),(3781,2321),(3783,6877),(3785,6369),(3786,9524),(3789,5401),(3791,4966),(3793,7766),(3794,2127),(3794,8285),(3798,3259),(3798,5804),(3798,9549),(3800,5222),(3801,1351),(3802,2405),(3807,2885),(3812,2280),(3812,8549),(3816,5671),(3819,1074),(3819,3852),(3822,1129),(3822,6944),(3823,3121),(3825,4796),(3825,6743),(3826,8953),(3829,4853),(3830,4259),(3831,7353),(3842,2309),(3842,7377),(3843,7271),(3843,8225),(3845,892),(3848,2237),(3850,9531),(3851,4090),(3854,9320),(3855,1341),(3855,7369),(3859,2547),(3860,6657),(3861,5062),(3864,4926),(3865,1602),(3867,4154),(3867,9229),(3872,7380),(3878,8704),(3879,1998),(3886,4399),(3892,4084),(3897,2502),(3899,126),(3902,5026),(3906,1383),(3906,9331),(3907,351),(3907,2833),(3907,9891),(3909,3535),(3909,7323),(3912,2738),(3916,2451),(3917,1428),(3919,4621),(3923,17),(3925,582),(3926,9433),(3928,1990),(3928,2147),(3930,3473),(3930,9280),(3937,3492),(3938,4102),(3939,1792),(3945,6115),(3948,3989),(3949,425),(3949,8407),(3953,3533),(3953,4762),(3953,7735),(3955,3727),(3958,1095),(3958,2491),(3962,479),(3962,6052),(3963,3267),(3967,4579),(3967,8389),(3968,1493),(3971,287),(3971,9908),(3975,6647),(3976,3299),(3978,1760),(3981,963),(3981,4671),(3982,4188),(3983,8334),(3990,6189),(3991,9862),(3993,518),(3993,6620),(3997,5876),(3998,6848),(3999,5497),(3999,5586),(4001,8596),(4002,450),(4003,6531),(4004,180),(4005,1026),(4005,7645),(4005,7729),(4006,6286),(4006,6304),(4008,3017),(4008,4596),(4008,8828),(4008,9697),(4009,485),(4009,4429),(4009,5485),(4017,8888),(4022,1113),(4023,3312),(4023,6065),(4025,6287),(4026,6056),(4026,8232),(4027,9736),(4028,4802),(4029,1035),(4030,1733),(4031,1470),(4031,1906),(4031,4856),(4032,6299),(4035,3280),(4037,1811),(4039,3713),(4039,7962),(4047,3200),(4047,3737),(4051,14),(4052,4741),(4054,333),(4054,363),(4054,2787),(4057,1693),(4058,7562),(4058,7643),(4060,1219),(4065,3992),(4066,4741),(4071,7072),(4072,2468),(4074,8571),(4078,5354),(4080,6352),(4081,4953),(4081,5655),(4082,6527),(4082,7286),(4082,8235),(4083,2207),(4083,8850),(4083,9124),(4088,8093),(4092,7823),(4093,741),(4093,2674),(4094,2610),(4098,1589),(4098,5272),(4101,4664),(4101,8431),(4105,8316),(4109,3105),(4113,5556),(4117,8123),(4119,5738),(4121,3227),(4121,6182),(4123,3782),(4125,6638),(4127,3787),(4133,1992),(4134,523),(4135,1571),(4135,9917),(4136,8005),(4141,4630),(4147,1385),(4147,5260),(4147,9147),(4149,8022),(4153,8395),(4153,9225),(4154,1304),(4155,2303),(4158,1573),(4158,7997),(4160,2875),(4160,3568),(4162,4646),(4162,7013),(4164,994),(4167,5849),(4169,636),(4172,6457),(4173,7927),(4174,2664),(4174,2872),(4174,3222),(4174,7231),(4184,3878),(4187,4990),(4190,7700),(4191,9990),(4192,9134),(4193,5066),(4194,4074),(4199,4013),(4200,7326),(4201,6277),(4209,5819),(4217,2339),(4221,453),(4223,1548),(4224,4588),(4226,1151),(4228,6106),(4234,4280),(4234,8250),(4235,6811),(4242,8383),(4242,9801),(4243,8499),(4247,4061),(4248,795),(4249,1196),(4249,5270),(4250,6816),(4251,5129),(4258,1089),(4259,2390),(4262,8070),(4263,9378),(4263,9613),(4264,2197),(4268,5929),(4270,3094),(4270,7267),(4271,4571),(4273,4028),(4274,3759),(4277,532),(4278,1826),(4281,1716),(4285,3126),(4285,3605),(4286,2711),(4286,4762),(4286,9468),(4290,9071),(4294,2377),(4295,3293),(4297,5120),(4297,5701),(4299,989),(4302,2172),(4307,9639),(4311,502),(4313,1544),(4313,7172),(4315,8788),(4316,5089),(4318,5874),(4321,6813),(4323,6245),(4323,8262),(4324,2153),(4327,3594),(4329,4149),(4329,5604),(4332,4762),(4334,7717),(4336,9276),(4343,5084),(4344,6278),(4346,4811),(4346,9068),(4348,218),(4349,2874),(4351,3069),(4354,6919),(4362,1484),(4366,6783),(4367,2034),(4371,1944),(4371,9217),(4372,4449),(4374,2236),(4375,5499),(4375,7678),(4378,9016),(4380,8455),(4381,3234),(4382,2786),(4382,8212),(4388,4197),(4388,6949),(4390,7709),(4391,980),(4392,4194),(4392,7385),(4395,1193),(4395,9444),(4396,7868),(4399,8817),(4401,6654),(4405,2140),(4405,7401),(4405,9504),(4406,2747),(4406,6157),(4411,3020),(4412,9268),(4413,6952),(4416,7323),(4425,9184),(4429,7392),(4431,2017),(4432,9879),(4433,511),(4433,3226),(4435,3056),(4435,3789),(4438,1811),(4441,1985),(4444,6278),(4445,5919),(4446,7842),(4449,337),(4449,1062),(4450,7243),(4451,8617),(4452,1646),(4452,3605),(4454,987),(4456,5112),(4457,1899),(4458,5706),(4459,5995),(4460,4455),(4461,7983),(4466,3216),(4466,3227),(4466,8127),(4468,6714),(4470,3081),(4474,9011),(4477,4896),(4478,1174),(4478,5560),(4479,9387),(4480,6271),(4489,6653),(4490,4157),(4491,8791),(4492,6189),(4494,9285),(4500,7123),(4506,4461),(4507,1886),(4509,741),(4509,3736),(4509,4633),(4510,3188),(4512,851),(4512,7928),(4513,9670),(4516,6268),(4521,2978),(4523,7027),(4526,9343),(4528,5314),(4529,1583),(4531,7584),(4533,2240),(4537,483),(4538,4298),(4544,6794),(4549,6228),(4551,4685),(4551,7892),(4552,4575),(4552,7367),(4553,3061),(4553,3099),(4554,6974),(4558,8524),(4559,9812),(4564,8109),(4567,3001),(4569,5397),(4570,2201),(4570,6473),(4571,2958),(4575,2974),(4578,1032),(4580,9350),(4581,8483),(4586,1906),(4587,4758),(4591,9810),(4594,8868),(4594,9089),(4595,4604),(4596,2331),(4601,1285),(4603,7888),(4604,3678),(4604,3755),(4604,8390),(4605,9501),(4606,7449),(4609,6760),(4612,5736),(4616,858),(4619,4532),(4621,2672),(4621,8267),(4622,9795),(4623,9963),(4626,4296),(4633,4820),(4634,5307),(4637,2813),(4639,9027),(4645,3746),(4650,2021),(4653,2230),(4654,6251),(4655,827),(4655,7289),(4658,6365),(4662,4258),(4662,9058),(4664,7711),(4667,2387),(4667,2998),(4668,1567),(4668,7291),(4668,8005),(4670,497),(4676,744),(4677,6596),(4682,6605),(4684,8101),(4686,6326),(4700,5895),(4701,4197),(4702,751),(4702,7338),(4703,776),(4703,6985),(4705,8032),(4706,4529),(4706,5985),(4716,193),(4716,2425),(4716,8442),(4720,4687),(4721,4016),(4725,3754),(4726,2356),(4730,7463),(4735,6191),(4736,7289),(4739,1460),(4739,4951),(4741,9462),(4742,4283),(4745,7797),(4746,5222),(4747,1415),(4749,1737),(4749,6235),(4752,7259),(4755,8805),(4756,9410),(4757,7759),(4765,494),(4768,3354),(4770,993),(4776,941),(4777,2713),(4779,3496),(4782,8593),(4784,8956),(4786,4158),(4787,284),(4789,2090),(4797,653),(4799,4231),(4799,7883),(4801,1202),(4802,2796),(4804,5503),(4805,5500),(4805,8877),(4807,3244),(4807,8453),(4808,9580),(4809,1386),(4809,7404),(4813,786),(4813,3274),(4817,5873),(4818,7884),(4823,832),(4823,6539),(4825,71),(4827,4670),(4827,9844),(4828,4036),(4829,4299),(4829,9369),(4830,8734),(4831,196),(4831,3773),(4833,9343),(4841,5012),(4843,4025),(4848,6994),(4851,5838),(4854,283),(4854,4200),(4854,7745),(4855,8711),(4855,8736),(4857,200),(4857,7424),(4859,9573),(4860,5150),(4860,8015),(4861,1160),(4861,9649),(4863,939),(4863,5104),(4864,1871),(4864,6080),(4865,3276),(4865,9776),(4866,8898),(4869,3557),(4870,1865),(4873,3247),(4873,8023),(4875,9233),(4877,947),(4877,1702),(4878,8721),(4882,818),(4882,1684),(4884,9978),(4888,8941),(4891,6740),(4892,8219),(4896,9631),(4898,1297),(4898,1593),(4898,2292),(4900,5199),(4902,2866),(4905,7478),(4907,9360),(4914,6259),(4916,2392),(4917,826),(4917,4733),(4917,7313),(4918,9584),(4920,6312),(4920,9100),(4920,9405),(4922,4899),(4923,6647),(4927,2558),(4928,1900),(4929,5397),(4932,4788),(4935,4163),(4936,8830),(4940,3322),(4941,173),(4942,573),(4942,8855),(4944,822),(4944,5284),(4945,2427),(4946,1532),(4947,8929),(4950,599),(4954,8515),(4955,253),(4958,1662),(4958,7409),(4959,4278),(4962,4039),(4963,8978),(4964,4802),(4964,7595),(4965,7812),(4966,5161),(4967,9805),(4968,8135),(4970,5559),(4973,573),(4987,234),(4992,6851),(4993,7269),(4994,5414),(4995,3102),(4998,4486),(4998,6528),(4999,247),(4999,739),(4999,1065),(4999,1675),(4999,7987),(5001,2505),(5001,2733),(5003,1996),(5005,6653),(5006,799),(5006,4747),(5007,2086),(5007,4966),(5013,4000),(5013,4230),(5014,2685),(5014,4591),(5015,4376),(5017,2736),(5017,3949),(5020,9094),(5020,9859),(5024,443),(5027,4566),(5029,4971),(5033,521),(5035,9535),(5037,1607),(5040,5400),(5044,217),(5046,8658),(5047,1797),(5048,1331),(5050,9191),(5055,5483),(5056,6108),(5059,9007),(5063,2880),(5066,8881),(5066,9945),(5067,1895),(5073,2913),(5074,8095),(5076,3761),(5076,4994),(5077,4884),(5078,3631),(5082,2621),(5083,163),(5083,3378),(5085,2370),(5086,140),(5087,1576),(5087,1730),(5092,331),(5092,7110),(5093,6017),(5099,9355),(5100,4323),(5101,5341),(5104,2414),(5107,4424),(5108,5795),(5109,5603),(5109,9615),(5114,872),(5118,5082),(5120,309),(5125,226),(5126,1795),(5128,653),(5129,283),(5130,6826),(5135,2427),(5141,7473),(5142,1516),(5143,766),(5143,7431),(5144,868),(5144,5656),(5146,3673),(5153,6319),(5156,8837),(5157,9186),(5160,4752),(5164,362),(5164,2941),(5164,4946),(5165,2808),(5165,5930),(5173,6417),(5174,6591),(5179,7910),(5180,721),(5181,9068),(5182,1565),(5183,3818),(5183,5539),(5184,2756),(5191,9518),(5194,3179),(5196,505),(5197,2885),(5197,8887),(5200,1005),(5200,2865),(5200,6127),(5202,2980),(5204,7016),(5205,4638),(5205,8631),(5205,8946),(5207,8786),(5209,629),(5210,4245),(5210,9682),(5212,6406),(5212,7694),(5213,9033),(5218,1769),(5219,767),(5219,6842),(5221,8691),(5223,9651),(5224,6879),(5229,1255),(5229,8885),(5231,7919),(5236,164),(5241,2217),(5241,8033),(5242,2071),(5242,8818),(5243,6348),(5246,4167),(5247,9121),(5249,1276),(5250,5201),(5252,1029),(5254,2755),(5255,9073),(5262,6613),(5263,7061),(5265,2490),(5267,9680),(5267,9919),(5270,4681),(5271,6987),(5271,9495),(5276,2051),(5276,7285),(5280,6068),(5286,3733),(5296,4761),(5301,1843),(5303,2188),(5307,9785),(5308,7081),(5309,999),(5311,950),(5311,5464),(5312,4733),(5313,758),(5314,2674),(5316,7622),(5316,8045),(5324,8927),(5324,9965),(5327,2012),(5327,3934),(5328,8857),(5329,2169),(5334,362),(5334,1891),(5335,6037),(5336,2385),(5338,1231),(5344,9291),(5347,3889),(5347,8815),(5349,4352),(5349,8907),(5353,4490),(5356,2732),(5356,3520),(5358,5631),(5364,7793),(5367,7668),(5368,1806),(5368,7475),(5374,9222),(5375,524),(5375,3137),(5381,1658),(5382,1654),(5390,4609),(5391,390),(5392,3869),(5394,1845),(5394,4344),(5395,6997),(5396,7885),(5399,368),(5399,9393),(5400,8439),(5404,2785),(5404,4986),(5405,9246),(5411,4349),(5412,6414),(5413,2198),(5413,9336),(5424,3812),(5426,4623),(5428,3985),(5429,9408),(5430,320),(5430,4138),(5433,294),(5434,4863),(5437,6020),(5441,3080),(5446,5396),(5447,7166),(5450,2229),(5451,7283),(5454,6139),(5454,7914),(5455,8009),(5456,9620),(5458,3480),(5458,7094),(5468,370),(5468,5873),(5473,8471),(5478,7507),(5480,1047),(5481,976),(5481,2004),(5481,7319),(5482,5634),(5484,5396),(5487,6394),(5490,2351),(5491,1621),(5497,761),(5498,427),(5498,1231),(5499,8148),(5501,4135),(5501,9314),(5501,9604),(5502,1484),(5503,158),(5505,3054),(5505,6097),(5507,9128),(5509,1166),(5509,2446),(5512,2329),(5518,8985),(5520,9192),(5521,2197),(5526,3824),(5528,9517),(5533,3690),(5533,7720),(5536,7769),(5536,9473),(5537,363),(5538,346),(5539,5242),(5539,7225),(5539,7778),(5541,5462),(5541,9716),(5544,2788),(5545,411),(5545,2265),(5545,4750),(5545,6108),(5547,4371),(5549,1918),(5551,5475),(5552,5775),(5554,407),(5555,4611),(5556,359),(5556,5545),(5558,8563),(5560,3280),(5562,7497),(5566,7847),(5567,6278),(5568,225),(5568,748),(5569,6339),(5569,7490),(5572,1232),(5574,8207),(5575,7317),(5576,7112),(5577,9922),(5579,598),(5582,5404),(5585,751),(5586,531),(5588,2038),(5593,3475),(5593,9179),(5595,7708),(5598,3290),(5598,8140),(5599,868),(5600,8612),(5602,5493),(5603,1215),(5603,1805),(5603,6941),(5603,7589),(5607,2306),(5607,9093),(5617,1562),(5619,2803),(5621,3000),(5621,8806),(5624,2936),(5626,980),(5627,4825),(5631,3441),(5634,4005),(5635,7065),(5635,7350),(5638,9135),(5640,8326),(5643,6261),(5644,810),(5644,8685),(5646,1663),(5648,6029),(5650,1694),(5653,1627),(5653,4089),(5653,8547),(5654,7286),(5659,420),(5661,7420),(5667,6088),(5670,4730),(5672,9396),(5673,3257),(5673,4041),(5675,2273),(5675,2700),(5676,9110),(5678,6153),(5679,2811),(5681,2985),(5681,5835),(5685,8765),(5686,7227),(5688,1530),(5692,7327),(5694,353),(5694,1412),(5695,7986),(5697,8553),(5698,5072),(5700,1950),(5700,3325),(5700,8172),(5701,6487),(5702,6720),(5704,1447),(5706,2348),(5707,763),(5708,1541),(5709,8777),(5711,700),(5711,5001),(5713,3806),(5714,8031),(5716,3519),(5716,7565),(5719,5254),(5722,7278),(5724,6778),(5731,3399),(5731,7797),(5733,1370),(5733,8684),(5735,3073),(5740,1234),(5740,8101),(5741,3095),(5744,3983),(5748,2116),(5751,779),(5752,3813),(5755,232),(5755,8743),(5755,9773),(5758,1455),(5758,5522),(5758,7485),(5763,8837),(5765,5426),(5767,871),(5768,1361),(5769,6219),(5771,9701),(5773,768),(5776,4900),(5777,3276),(5779,4636),(5779,8967),(5783,5886),(5784,3353),(5787,3379),(5794,8047),(5798,9789),(5800,1881),(5802,9631),(5803,5650),(5804,7001),(5809,1727),(5809,5121),(5816,3303),(5817,6251),(5819,586),(5821,7275),(5826,7961),(5827,3918),(5829,523),(5830,2157),(5831,6640),(5835,5724),(5835,8263),(5841,5480),(5842,8736),(5857,1236),(5858,4298),(5859,5228),(5860,1635),(5861,4723),(5862,9827),(5865,1175),(5866,2739),(5868,912),(5869,337),(5873,6984),(5875,2687),(5875,8383),(5876,6202),(5877,8683),(5878,7329),(5882,5248),(5886,6202),(5886,6940),(5888,420),(5890,4979),(5894,6976),(5895,5330),(5898,8133),(5901,5779),(5902,6860),(5906,864),(5909,79),(5909,3793),(5909,7808),(5912,7034),(5918,3320),(5921,4643),(5921,6462),(5923,3678),(5927,3150),(5930,3473),(5932,4612),(5935,4982),(5935,5149),(5935,8311),(5937,8939),(5943,6653),(5946,5079),(5947,836),(5949,5305),(5952,8823),(5954,1284),(5955,8289),(5958,3719),(5961,4936),(5966,1586),(5966,3404),(5968,2721),(5970,102),(5974,784),(5976,3168),(5980,2674),(5980,6328),(5982,1174),(5982,6950),(5990,2172),(5991,2997),(5994,8748),(5995,7079),(6001,5016),(6011,8337),(6015,4617),(6015,6469),(6016,5343),(6018,515),(6018,8756),(6020,8877),(6021,1382),(6023,293),(6024,2404),(6024,9294),(6028,3208),(6028,3409),(6028,6199),(6028,6595),(6029,2280),(6032,5731),(6033,2603),(6036,311),(6036,3388),(6039,163),(6040,349),(6043,8960),(6043,9018),(6047,9075),(6048,587),(6049,7902),(6050,5278),(6050,9013),(6056,7379),(6058,122),(6060,1846),(6063,8985),(6067,2408),(6067,7616),(6068,7332),(6069,1654),(6070,3084),(6075,7445),(6085,7687),(6092,4552),(6094,3865),(6095,8818),(6097,300),(6100,5595),(6107,4067),(6112,3135),(6112,7762),(6114,1735),(6120,7429),(6124,3000),(6125,3686),(6126,4016),(6128,1770),(6128,4934),(6129,1680),(6129,6784),(6129,7184),(6131,9402),(6133,1399),(6136,8123),(6137,3494),(6137,7745),(6138,1943),(6139,578),(6139,9332),(6142,2998),(6143,882),(6148,2586),(6149,2601),(6152,72),(6153,9062),(6155,9343),(6156,2545),(6156,4224),(6158,1073),(6159,7002),(6163,6969),(6165,7717),(6183,1866),(6186,2746),(6187,1465),(6188,2712),(6192,1696),(6194,1248),(6194,1467),(6196,8192),(6197,9816),(6203,9821),(6204,7321),(6207,9315),(6210,2142),(6217,905),(6219,1629),(6220,4482),(6222,7890),(6223,893),(6226,8637),(6227,4708),(6229,5162),(6231,8557),(6234,5367),(6243,226),(6243,3191),(6244,6654),(6244,8999),(6245,2161),(6246,7185),(6248,3053),(6251,788),(6253,7599),(6254,8909),(6255,434),(6258,6945),(6259,2429),(6263,2040),(6266,185),(6266,1366),(6273,1018),(6275,2322),(6276,6498),(6277,6258),(6277,9573),(6278,2351),(6279,2553),(6279,3247),(6282,8665),(6292,5106),(6294,2770),(6294,3146),(6297,7921),(6299,7),(6300,9770),(6305,7744),(6309,9591),(6313,8310),(6316,8681),(6316,9655),(6319,9928),(6320,5266),(6322,6296),(6326,3345),(6327,4365),(6328,2221),(6329,4347),(6331,168),(6331,4584),(6333,5531),(6334,1806),(6334,8000),(6335,726),(6339,1186),(6339,9401),(6340,1659),(6342,3239),(6342,3872),(6345,5603),(6346,2824),(6346,4260),(6350,8294),(6351,9067),(6352,3556),(6353,3067),(6355,4849),(6361,1568),(6361,7787),(6365,572),(6365,8389),(6370,6154),(6371,6048),(6372,1768),(6373,8572),(6376,5070),(6377,2284),(6380,1015),(6380,6581),(6382,590),(6382,1499),(6382,9438),(6383,4503),(6384,4433),(6388,7715),(6389,8177),(6390,90),(6393,3409),(6395,9554),(6402,6318),(6403,7713),(6410,9431),(6412,3860),(6412,4368),(6413,5514),(6414,5701),(6415,4471),(6416,3186),(6419,4805),(6420,9187),(6423,6581),(6426,2482),(6427,2307),(6428,8563),(6429,7514),(6437,6924),(6443,2113),(6447,4901),(6451,6524),(6452,5672),(6452,6222),(6454,1513),(6460,3695),(6461,1225),(6461,3836),(6463,8391),(6464,8621),(6465,7154),(6466,3094),(6472,9726),(6474,5917),(6474,9800),(6477,2640),(6477,8796),(6478,2119),(6481,9459),(6482,5127),(6486,2937),(6492,7180),(6492,9478),(6493,4469),(6498,457),(6500,9412),(6501,5202),(6504,9243),(6505,6811),(6507,1114),(6511,9594),(6512,5793),(6515,112),(6515,1901),(6515,9915),(6519,744),(6521,6338),(6527,6404),(6530,4713),(6532,8984),(6535,8717),(6539,4123),(6541,8538),(6542,5543),(6543,8104),(6545,4768),(6548,2205),(6548,8326),(6550,558),(6551,158),(6552,55),(6552,7050),(6554,9324),(6555,187),(6556,9959),(6557,205),(6559,4150),(6560,5324),(6561,2196),(6563,6838),(6564,1463),(6565,4667),(6566,7150),(6581,2417),(6581,9919),(6582,114),(6583,1232),(6586,3229),(6587,4002),(6588,7638),(6593,3403),(6593,5526),(6604,4463),(6607,962),(6608,6974),(6609,4498),(6609,8485),(6613,1609),(6613,5423),(6614,1866),(6614,3713),(6614,5827),(6615,2481),(6615,7474),(6616,4222),(6624,1335),(6634,6782),(6634,8840),(6638,153),(6638,2960),(6639,1544),(6640,3844),(6641,6544),(6646,8238),(6648,6299),(6649,4188),(6649,7387),(6650,3469),(6652,7515),(6659,6505),(6660,8758),(6663,2313),(6668,8403),(6672,9868),(6673,5520),(6674,8160),(6676,1431),(6677,6168),(6679,896),(6679,1186),(6683,945),(6686,5808),(6686,6607),(6688,4674),(6689,6062),(6692,8713),(6697,8120),(6706,3354),(6707,1430),(6708,9643),(6717,5025),(6718,9218),(6721,4603),(6724,3191),(6724,9916),(6727,1349),(6730,6101),(6733,2784),(6734,8121),(6735,7374),(6735,8764),(6737,381),(6737,2057),(6737,8316),(6738,8395),(6746,4189),(6746,7172),(6747,4012),(6748,7179),(6751,1341),(6753,6763),(6756,265),(6758,5086),(6759,4472),(6762,6459),(6763,767),(6763,8169),(6764,1686),(6764,6477),(6767,3693),(6770,2195),(6770,3843),(6771,8142),(6773,5540),(6776,1405),(6778,4413),(6779,249),(6780,9627),(6782,4997),(6784,8155),(6789,5817),(6789,7662),(6790,9396),(6797,3976),(6799,9087),(6800,5463),(6801,7031),(6803,1686),(6804,4772),(6805,2998),(6806,2879),(6806,9066),(6809,4795),(6810,531),(6811,9011),(6812,6288),(6812,7198),(6816,1590),(6816,3486),(6817,9027),(6818,9947),(6819,1812),(6820,4396),(6820,9677),(6822,2430),(6823,8237),(6824,4536),(6824,8862),(6830,8999),(6831,4050),(6832,1756),(6832,4993),(6834,9249),(6836,3050),(6836,4869),(6837,459),(6838,8335),(6839,7834),(6840,1250),(6841,3802),(6842,9616),(6844,7028),(6846,125),(6850,1568),(6850,5570),(6852,6957),(6858,1459),(6860,3773),(6860,5273),(6860,6237),(6861,8410),(6862,2139),(6866,4680),(6868,7383),(6871,1940),(6871,8024),(6872,9686),(6873,4749),(6874,5791),(6874,6947),(6875,665),(6884,7477),(6885,606),(6885,3085),(6885,9495),(6887,7553),(6889,7583),(6889,9201),(6892,490),(6906,808),(6906,2987),(6906,6053),(6907,3224),(6907,3913),(6908,5890),(6909,8386),(6913,3410),(6914,660),(6918,3947),(6919,5597),(6919,6069),(6921,8629),(6922,5186),(6922,7054),(6924,4968),(6925,8661),(6927,3228),(6931,1553),(6932,4573),(6935,4550),(6939,408),(6940,1819),(6944,4252),(6948,1613),(6948,9718),(6949,3502),(6955,9142),(6959,24),(6960,6413),(6960,9876),(6961,8605),(6963,5098),(6965,5909),(6965,8426),(6967,7135),(6967,8690),(6969,2323),(6969,2738),(6972,5091),(6972,6739),(6978,8273),(6982,7724),(6988,5316),(6988,7504),(6989,3596),(6991,6400),(6992,2289),(6994,1290),(6994,4424),(6996,3629),(7000,7718),(7006,740),(7007,18),(7007,6329),(7008,5340),(7008,9558),(7009,5808),(7010,1796),(7013,2813),(7019,4077),(7022,4589),(7024,2976),(7029,6503),(7034,3612),(7034,3640),(7035,920),(7039,1913),(7040,625),(7040,8103),(7043,8254),(7044,4182),(7044,6980),(7045,670),(7045,9654),(7046,5307),(7047,3870),(7049,730),(7052,9860),(7054,1486),(7055,1140),(7056,1469),(7057,9119),(7058,4842),(7059,6325),(7063,2586),(7063,2780),(7068,331),(7069,2480),(7070,2749),(7071,5668),(7071,8632),(7072,1335),(7073,7584),(7076,2870),(7077,455),(7083,1549),(7083,2815),(7084,3850),(7089,3799),(7090,9138),(7095,3138),(7101,8441),(7102,6706),(7103,330),(7103,2075),(7104,3500),(7108,7517),(7109,4469),(7113,1665),(7113,7513),(7120,7085),(7121,9483),(7126,8940),(7130,8736),(7132,5441),(7135,4287),(7137,7692),(7138,9072),(7140,9363),(7142,1605),(7142,9208),(7143,3717),(7146,4423),(7146,4800),(7149,803),(7149,1875),(7149,5122),(7149,9702),(7150,9991),(7155,6441),(7155,7326),(7159,1710),(7160,3585),(7160,5915),(7162,4010),(7168,70),(7168,8544),(7169,9085),(7171,6051),(7177,9058),(7178,5291),(7178,8449),(7178,8586),(7179,9260),(7181,946),(7182,2901),(7184,4390),(7185,4219),(7188,1113),(7191,9837),(7193,2985),(7195,1259),(7195,5639),(7195,8957),(7196,7810),(7202,2391),(7203,6844),(7204,415),(7205,7693),(7206,1879),(7209,6812),(7212,6203),(7212,7060),(7215,3502),(7219,2190),(7220,6525),(7224,2341),(7230,1063),(7231,5292),(7235,7501),(7236,4124),(7240,3712),(7242,2864),(7245,6834),(7248,7143),(7249,9509),(7250,4748),(7250,8434),(7252,8952),(7253,856),(7253,6078),(7254,1869),(7255,4823),(7257,9193),(7257,9920),(7264,528),(7264,2873),(7267,83),(7268,2242),(7270,2422),(7270,8466),(7272,7894),(7274,415),(7277,5848),(7283,1393),(7284,2523),(7284,9128),(7285,4479),(7287,589),(7288,5868),(7288,7493),(7290,7134),(7293,8585),(7294,3628),(7307,9824),(7311,276),(7312,1787),(7312,2512),(7320,2785),(7321,2506),(7326,7124),(7327,3186),(7330,1004),(7330,9885),(7332,5653),(7332,8024),(7333,173),(7333,5327),(7333,9228),(7333,9474),(7336,816),(7337,8855),(7338,3072),(7339,9191),(7353,3664),(7354,4502),(7356,4380),(7356,5415),(7358,990),(7358,3201),(7360,70),(7364,2613),(7365,7076),(7367,350),(7368,1540),(7370,1947),(7371,36),(7371,1478),(7372,4341),(7372,6376),(7372,6992),(7375,1219),(7378,7508),(7383,376),(7384,3848),(7386,3163),(7386,6018),(7387,3316),(7389,4567),(7390,5024),(7390,6287),(7395,7347),(7398,778),(7399,471),(7399,4900),(7401,6715),(7403,5617),(7404,8615),(7405,4091),(7406,1869),(7406,4634),(7409,3790),(7415,4253),(7416,7459),(7417,9009),(7420,9729),(7422,389),(7423,757),(7424,5038),(7425,6043),(7426,4777),(7428,6905),(7433,9276),(7440,2352),(7440,8639),(7444,2347),(7444,4774),(7445,7883),(7446,5948),(7446,8229),(7449,6274),(7452,7322),(7455,5788),(7457,6475),(7459,1616),(7462,1696),(7462,5385),(7463,9216),(7466,1262),(7471,3788),(7472,5218),(7473,5995),(7474,9189),(7475,9114),(7476,14),(7478,3253),(7480,2464),(7483,98),(7483,2251),(7485,9384),(7485,9568),(7491,830),(7495,5873),(7498,4726),(7500,8152),(7502,4622),(7503,533),(7503,3288),(7510,4426),(7512,4054),(7516,935),(7519,2143),(7521,1448),(7522,1331),(7525,7753),(7527,1660),(7530,3160),(7531,2311),(7537,7701),(7538,2444),(7539,6991),(7545,7031),(7545,7909),(7548,1478),(7549,636),(7550,5875),(7551,8646),(7551,8842),(7555,8539),(7556,8308),(7557,187),(7557,2486),(7558,231),(7560,7887),(7561,4931),(7567,7529),(7569,6201),(7572,5892),(7573,5431),(7581,2753),(7584,6144),(7589,6245),(7592,3852),(7594,6393),(7602,9099),(7606,734),(7607,8336),(7610,2235),(7612,9231),(7614,387),(7617,1227),(7619,9015),(7623,1444),(7623,4705),(7623,5498),(7626,6985),(7629,6368),(7629,6656),(7630,1659),(7630,9920),(7631,5199),(7633,7408),(7635,761),(7636,9699),(7640,760),(7640,7239),(7641,2046),(7645,3141),(7645,4434),(7646,7227),(7648,4434),(7652,1186),(7656,5264),(7658,9930),(7660,2514),(7666,8906),(7667,1256),(7669,9398),(7670,1733),(7675,7263),(7677,7511),(7677,9454),(7678,452),(7682,3030),(7682,3482),(7683,8167),(7684,7082),(7685,1125),(7686,7286),(7687,1310),(7687,2874),(7688,6881),(7691,3160),(7698,7807),(7699,4117),(7700,1048),(7702,5149),(7705,1064),(7705,5181),(7706,2106),(7708,3589),(7710,5083),(7714,2470),(7715,4745),(7716,2792),(7717,35),(7717,2882),(7718,9849),(7723,3040),(7726,8052),(7726,8830),(7728,587),(7728,3432),(7732,5506),(7736,1873),(7739,4328),(7741,4424),(7742,3521),(7744,1009),(7745,1827),(7746,6553),(7746,7193),(7748,6302),(7748,8254),(7749,3986),(7750,4198),(7750,8631),(7751,1866),(7753,8020),(7754,4620),(7757,727),(7759,2933),(7759,7937),(7759,9184),(7761,8277),(7762,4255),(7764,7725),(7770,555),(7771,3290),(7772,2516),(7773,2071),(7774,7153),(7778,3763),(7779,5319),(7782,9568),(7785,8324),(7786,2652),(7787,6798),(7791,3685),(7793,464),(7794,9095),(7795,3233),(7796,977),(7800,1069),(7801,6087),(7803,275),(7803,4656),(7807,4147),(7808,4582),(7808,9753),(7812,2159),(7815,537),(7817,9208),(7820,8695),(7827,2499),(7828,5672),(7829,2184),(7830,2457),(7835,5556),(7842,5948),(7842,7821),(7844,8012),(7845,6870),(7847,7897),(7851,76),(7855,9116),(7867,6017),(7867,7682),(7868,1178),(7875,8208),(7876,6777),(7879,892),(7879,4659),(7879,5490),(7882,2464),(7885,9876),(7886,1819),(7888,1271),(7892,7864),(7893,345),(7893,3077),(7894,9317),(7895,2442),(7896,1001),(7897,6550),(7899,1836),(7903,3341),(7903,3446),(7908,372),(7908,9350),(7909,5654),(7910,1790),(7912,9631),(7914,7331),(7914,9837),(7917,7130),(7917,9054),(7921,3566),(7922,9297),(7922,9356),(7924,917),(7925,4009),(7925,7756),(7926,1435),(7927,918),(7930,1490),(7931,2909),(7935,8510),(7938,3757),(7940,4995),(7945,2548),(7952,2533),(7954,4726),(7954,6174),(7957,7624),(7958,516),(7959,8711),(7964,4540),(7966,5202),(7967,936),(7967,8150),(7974,9980),(7976,5222),(7976,8851),(7978,479),(7982,7361),(7984,1272),(7987,9137),(7991,2038),(7996,9108),(7998,8782),(7999,3967),(8002,4348),(8005,7673),(8006,3495),(8006,3662),(8009,9406),(8011,4468),(8011,5501),(8015,2439),(8016,8697),(8017,1189),(8023,3405),(8025,7610),(8026,488),(8026,5975),(8028,3320),(8029,5876),(8029,8418),(8031,7822),(8031,9800),(8033,4205),(8034,4144),(8036,8626),(8037,5986),(8038,227),(8038,848),(8038,4998),(8041,6206),(8043,9794),(8048,8130),(8049,3402),(8052,2466),(8052,8917),(8054,7000),(8055,5609),(8059,2631),(8060,400),(8060,7074),(8061,162),(8068,1201),(8068,2426),(8068,9818),(8071,294),(8071,5382),(8073,8143),(8073,9602),(8078,1172),(8079,6582),(8080,7624),(8083,7773),(8089,7199),(8091,2816),(8092,2676),(8093,6898),(8095,4598),(8095,5368),(8095,6493),(8097,9630),(8098,3002),(8098,3333),(8099,3563),(8100,3996),(8111,3215),(8112,2746),(8112,3736),(8114,2808),(8115,8742),(8119,2939),(8123,829),(8124,8278),(8125,1554),(8125,8517),(8126,6236),(8129,9213),(8130,7358),(8131,2849),(8131,7399),(8132,5158),(8137,2744),(8137,8773),(8139,1881),(8140,6160),(8146,3129),(8147,244),(8148,7917),(8150,2666),(8152,7404),(8153,3575),(8156,387),(8156,5513),(8156,7142),(8158,4399),(8161,6487),(8162,9725),(8166,3302),(8166,4190),(8169,653),(8171,510),(8172,2135),(8172,7157),(8174,6280),(8183,2019),(8183,8210),(8184,5970),(8185,3525),(8191,6450),(8191,6994),(8192,8504),(8194,3857),(8195,2834),(8199,1204),(8199,6380),(8207,5042),(8211,42),(8214,7200),(8217,942),(8219,5021),(8220,8083),(8221,6466),(8221,9918),(8223,1843),(8226,9903),(8227,8969),(8228,117),(8228,7139),(8231,3324),(8232,5226),(8232,7137),(8232,8901),(8232,9177),(8234,3824),(8234,8868),(8236,847),(8236,3851),(8236,4811),(8239,6141),(8239,9936),(8240,8072),(8241,8852),(8245,2413),(8249,6890),(8252,659),(8252,4986),(8255,857),(8255,949),(8260,651),(8263,6030),(8267,2386),(8268,8009),(8271,8786),(8272,1069),(8273,3147),(8274,2675),(8278,9915),(8279,4312),(8281,7343),(8283,40),(8284,1267),(8285,5222),(8286,4664),(8287,4201),(8287,8728),(8288,2949),(8288,3599),(8290,333),(8290,8550),(8292,8324),(8294,1707),(8300,5179),(8306,5785),(8309,5022),(8315,4184),(8316,5589),(8317,2567),(8318,7300),(8323,8480),(8324,2371),(8327,7474),(8330,3687),(8330,4925),(8331,2978),(8336,4908),(8337,7798),(8338,3835),(8338,7954),(8340,2765),(8343,5274),(8345,1003),(8351,1135),(8354,7042),(8355,2734),(8356,4198),(8356,8698),(8357,9229),(8360,5087),(8363,1814),(8364,7593),(8366,171),(8366,3672),(8375,4590),(8375,7142),(8376,3112),(8377,3375),(8377,8298),(8379,8663),(8380,5510),(8380,7068),(8383,1822),(8383,2231),(8383,3898),(8386,1026),(8392,4095),(8393,611),(8394,9450),(8397,629),(8408,6094),(8409,1408),(8417,4389),(8428,1123),(8432,9214),(8434,4331),(8437,5557),(8438,8487),(8440,4054),(8440,5101),(8441,2544),(8441,6728),(8442,46),(8442,1698),(8444,6966),(8444,9596),(8447,1204),(8448,6440),(8449,75),(8453,4218),(8454,2788),(8456,6539),(8459,4662),(8460,8498),(8460,9990),(8463,3960),(8465,5763),(8466,4362),(8470,860),(8470,1962),(8472,414),(8472,790),(8472,1210),(8473,1749),(8473,3592),(8474,4753),(8475,3479),(8477,7040),(8478,6021),(8480,8440),(8483,9829),(8484,6961),(8487,9746),(8489,816),(8490,5680),(8490,8796),(8492,3509),(8497,4794),(8498,1273),(8499,2609),(8499,5210),(8502,177),(8508,612),(8508,771),(8509,2577),(8509,3684),(8509,5336),(8515,9626),(8517,5273),(8518,1829),(8518,4606),(8519,3111),(8523,1630),(8526,496),(8528,4261),(8528,5472),(8532,6654),(8532,9218),(8536,6553),(8538,3347),(8545,4170),(8545,8374),(8546,8635),(8547,7142),(8548,4234),(8548,7583),(8548,8208),(8549,2114),(8551,382),(8552,1219),(8553,4617),(8553,6751),(8556,3161),(8567,7520),(8567,9063),(8570,2850),(8579,8702),(8580,1283),(8580,6587),(8581,5478),(8584,2559),(8586,4378),(8588,6472),(8593,8085),(8597,7933),(8600,4618),(8603,4754),(8606,4262),(8607,6304),(8611,7323),(8614,5120),(8618,5329),(8626,8234),(8628,7884),(8629,3286),(8629,7964),(8633,9545),(8634,332),(8634,7923),(8635,8107),(8636,6952),(8637,3623),(8639,3883),(8642,2887),(8647,5643),(8647,7424),(8647,9941),(8650,123),(8650,2695),(8650,5767),(8651,6262),(8653,7944),(8657,444),(8657,6534),(8658,2420),(8659,4812),(8662,6303),(8664,7826),(8666,3167),(8672,8794),(8673,2386),(8676,4541),(8682,2032),(8685,2663),(8688,4028),(8689,805),(8690,1196),(8692,81),(8692,3322),(8695,1947),(8695,3507),(8696,6168),(8696,8490),(8698,754),(8699,1267),(8704,126),(8705,8699),(8707,3104),(8708,7537),(8710,1841),(8710,3051),(8712,5122),(8714,2845),(8717,446),(8717,8102),(8719,910),(8720,8877),(8721,320),(8726,3922),(8726,5300),(8727,6093),(8728,7949),(8730,9646),(8732,9797),(8739,1374),(8741,2445),(8741,3488),(8743,3882),(8744,8961),(8745,1753),(8745,9621),(8746,5136),(8749,6317),(8750,9630),(8751,2629),(8752,4583),(8752,7549),(8755,4294),(8756,5981),(8758,8734),(8759,4790),(8759,5264),(8761,5124),(8762,9304),(8764,902),(8765,8039),(8765,9871),(8766,6755),(8769,5600),(8769,8763),(8770,7501),(8772,5567),(8779,1233),(8781,4854),(8781,6768),(8782,2497),(8784,4768),(8785,7875),(8786,4874),(8789,9041),(8795,6275),(8796,1984),(8800,1085),(8806,3004),(8807,5309),(8808,4915),(8810,991),(8811,4267),(8816,2361),(8817,8249),(8818,8344),(8819,1476),(8819,8431),(8820,6296),(8821,1504),(8823,1957),(8826,2313),(8826,2972),(8828,2268),(8830,8419),(8831,9059),(8836,6880),(8837,8723),(8839,2549),(8839,8148),(8843,5301),(8844,5436),(8845,5257),(8845,5492),(8850,8730),(8855,730),(8856,4096),(8856,6474),(8860,312),(8860,7427),(8863,1575),(8864,5888),(8865,4599),(8870,1210),(8872,1392),(8874,8695),(8878,3649),(8882,570),(8883,4904),(8883,5850),(8884,3486),(8884,8475),(8889,4170),(8889,6781),(8893,3485),(8893,5769),(8893,9692),(8894,8953),(8895,115),(8898,9898),(8899,196),(8899,3039),(8899,4376),(8899,8484),(8900,6329),(8900,6942),(8900,7347),(8901,1366),(8902,5206),(8903,9444),(8904,1159),(8904,1491),(8905,4807),(8909,1029),(8909,5094),(8910,1781),(8912,4081),(8915,1763),(8919,6029),(8922,6220),(8923,415),(8925,1011),(8928,1465),(8928,2392),(8929,3963),(8930,1661),(8930,3589),(8930,7804),(8932,6232),(8933,6557),(8933,8053),(8934,4870),(8938,9124),(8939,4374),(8939,7297),(8939,7740),(8939,8033),(8940,1807),(8941,7969),(8942,9129),(8952,6701),(8952,7553),(8953,7776),(8955,9823),(8956,2813),(8956,4058),(8956,7689),(8958,9341),(8959,6748),(8964,9712),(8967,140),(8969,6671),(8970,6552),(8970,6869),(8972,3716),(8972,7076),(8973,19),(8979,1835),(8980,8867),(8981,3700),(8981,6686),(8982,3614),(8985,6134),(8986,1166),(8988,3619),(8989,9969),(8992,8204),(8994,2258),(8997,8793),(8998,3015),(8999,4020),(9003,1151),(9005,4972),(9006,2471),(9009,3972),(9010,1093),(9014,9456),(9024,1153),(9027,7987),(9028,439),(9030,5699),(9031,2011),(9031,9369),(9033,85),(9034,6714),(9038,9761),(9039,7239),(9040,3692),(9042,6343),(9043,312),(9044,4497),(9045,9500),(9045,9560),(9048,8275),(9052,2472),(9052,4585),(9057,3280),(9057,3466),(9062,7704),(9063,276),(9065,126),(9068,6439),(9069,5866),(9070,8504),(9071,9929),(9073,1050),(9073,9736),(9078,1351),(9082,398),(9082,9195),(9086,2797),(9086,5303),(9089,2386),(9091,7153),(9096,5636),(9098,8061),(9102,6528),(9102,8582),(9104,3368),(9104,8590),(9105,4798),(9111,6629),(9112,5055),(9113,8620),(9119,3080),(9120,5259),(9121,388),(9124,5446),(9126,911),(9127,8373),(9131,6125),(9136,5041),(9138,6612),(9141,2625),(9143,9987),(9144,4543),(9144,5864),(9146,4785),(9149,8361),(9150,4635),(9151,9678),(9153,7335),(9159,3858),(9160,4715),(9164,1236),(9166,3472),(9174,7228),(9176,4421),(9181,6412),(9185,8667),(9186,1755),(9191,7103),(9194,7633),(9195,4653),(9196,7436),(9197,5949),(9199,7955),(9201,7186),(9204,1659),(9204,2766),(9206,7063),(9207,5416),(9209,5531),(9209,7906),(9210,3799),(9210,7382),(9210,7516),(9211,3754),(9212,500),(9212,7472),(9216,325),(9219,7437),(9224,1618),(9225,3627),(9225,7176),(9227,1217),(9227,3673),(9240,6018),(9241,540),(9241,7585),(9242,2711),(9242,5481),(9245,1428),(9245,3717),(9249,6790),(9250,4645),(9250,7705),(9252,8768),(9253,287),(9255,3637),(9259,44),(9260,3090),(9260,5892),(9260,9222),(9263,5437),(9263,5863),(9263,7779),(9266,9956),(9267,655),(9269,5259),(9270,4166),(9272,7350),(9273,8674),(9274,4672),(9276,52),(9278,380),(9279,6060),(9282,3572),(9282,3639),(9285,2920),(9292,5086),(9293,135),(9294,4649),(9296,1399),(9297,7306),(9298,8922),(9299,4772),(9303,55),(9303,9143),(9304,7019),(9305,5891),(9315,2325),(9315,4044),(9320,5884),(9320,6321),(9320,8544),(9322,1415),(9323,1810),(9327,8457),(9328,4704),(9328,7498),(9329,1635),(9329,6568),(9329,7839),(9338,7889),(9339,8053),(9341,5861),(9346,4051),(9348,5322),(9351,6426),(9358,1003),(9359,3112),(9367,1318),(9368,6942),(9371,5176),(9372,9310),(9372,9804),(9374,5504),(9382,8833),(9387,7750),(9390,3917),(9392,2929),(9394,7381),(9395,136),(9397,2137),(9399,3950),(9399,5915),(9402,129),(9402,7557),(9403,3825),(9407,3533),(9407,4991),(9408,2941),(9410,7161),(9410,8311),(9412,8422),(9413,673),(9416,9940),(9420,4116),(9424,1516),(9426,4400),(9428,9716),(9429,7147),(9430,4015),(9434,6919),(9435,6020),(9435,7722),(9443,175),(9443,2995),(9444,8300),(9445,2003),(9447,85),(9450,5899),(9451,6814),(9458,8360),(9462,8240),(9468,3678),(9469,1748),(9471,6852),(9471,9147),(9473,3659),(9475,6234),(9475,7135),(9475,7759),(9480,15),(9481,7432),(9482,8026),(9483,234),(9485,3820),(9494,3716),(9494,5319),(9494,7041),(9495,4409),(9500,5325),(9500,5547),(9506,5501),(9509,7150),(9511,1888),(9511,3998),(9511,9985),(9512,8236),(9518,8573),(9523,9024),(9526,9026),(9530,2945),(9532,9242),(9534,438),(9539,4656),(9544,2929),(9547,401),(9547,6227),(9548,350),(9549,1595),(9550,170),(9550,6236),(9551,9819),(9552,1743),(9555,4920),(9560,6716),(9564,6178),(9565,6627),(9567,1464),(9570,6368),(9573,1206),(9573,5524),(9576,560),(9577,3730),(9578,1379),(9580,4816),(9580,6266),(9580,8131),(9582,6085),(9583,6890),(9583,7985),(9585,3989),(9586,9626),(9588,5104),(9590,2820),(9596,5740),(9597,5390),(9601,5852),(9602,2208),(9605,8480),(9607,1672),(9612,9533),(9621,9607),(9622,539),(9622,6453),(9625,830),(9625,9214),(9632,2049),(9636,1868),(9637,6646),(9647,817),(9647,9863),(9650,8080),(9653,2010),(9653,5290),(9655,1478),(9656,3370),(9660,4209),(9660,4836),(9661,4418),(9661,8797),(9665,487),(9667,2819),(9669,6976),(9670,2545),(9674,7405),(9676,1896),(9676,8058),(9678,8400),(9681,2176),(9681,4695),(9683,7930),(9687,7280),(9688,9335),(9694,2126),(9702,6620),(9703,3483),(9712,8769),(9717,5749),(9717,7699),(9718,5936),(9718,9099),(9719,9535),(9721,8940),(9723,6385),(9724,1642),(9725,8555),(9728,1038),(9730,3533),(9732,2199),(9732,2444),(9734,1180),(9736,8310),(9737,2561),(9738,425),(9738,2404),(9739,3361),(9740,2192),(9742,764),(9746,8100),(9747,8795),(9750,5692),(9753,6011),(9753,6818),(9758,8086),(9762,8349),(9762,8857),(9764,9601),(9766,6889),(9767,9998),(9769,6333),(9776,4070),(9776,8411),(9780,4458),(9782,6189),(9786,4568),(9788,9003),(9791,2231),(9792,3680),(9792,9376),(9794,6256),(9795,804),(9796,824),(9796,8247),(9797,8652),(9800,2207),(9800,2312),(9800,9982),(9803,1246),(9804,2306),(9805,7180),(9807,1370),(9812,2044),(9812,3087),(9812,5481),(9817,2384),(9824,1538),(9825,915),(9826,2106),(9827,8284),(9827,9257),(9830,4788),(9830,7676),(9833,638),(9833,5906),(9833,8590),(9833,9790),(9834,4337),(9834,6597),(9835,952),(9836,940),(9838,5394),(9839,2830),(9841,2782),(9843,8442),(9849,7552),(9850,8124),(9850,9792),(9852,4390),(9852,7189),(9860,8000),(9865,2379),(9867,1514),(9869,4124),(9871,3981),(9873,4012),(9874,1348),(9877,2746),(9880,8960),(9884,6918),(9887,2330),(9889,5285),(9889,8143),(9893,3337),(9901,2484),(9901,9617),(9905,2304),(9905,3493),(9907,22),(9908,5615),(9909,3358),(9912,2198),(9916,5156),(9916,7852),(9919,8758),(9924,2406),(9928,10),(9934,4588),(9934,9819),(9938,9520),(9939,230),(9939,769),(9939,4246),(9947,4657),(9952,7079),(9954,5220),(9954,5915),(9960,1676),(9960,3053),(9962,9097),(9964,2098),(9965,372),(9966,3673),(9968,903),(9970,1080),(9971,3876),(9972,2086),(9974,4870),(9975,3010),(9976,1122),(9976,8660),(9977,3201),(9978,8644),(9979,7537),(9981,1891),(9983,5163),(9984,1071),(9988,8703),(9989,4234),(9990,9029),(9991,5871),(9993,7234),(9995,5098),(9996,1558),(9997,7875),(9998,4070),(9998,4837),(10002,9366),(10003,1506),(10004,3782),(10004,5402),(10006,5872),(10011,1652),(10013,4739),(10014,5835),(10014,7530),(10016,3731),(10018,5439),(10019,9500),(10020,8879),(10021,6382),(10022,1189),(10022,9913),(10033,6867),(10036,4388),(10039,8606),(10040,3093),(10040,5554),(10045,2994),(10046,9819),(10047,9236),(10051,1708),(10054,7240),(10054,7452),(10056,1599),(10059,399),(10059,7862),(10063,2722),(10071,931),(10071,955),(10073,943),(10073,3564),(10073,7721),(10074,8639),(10079,5841),(10080,6943),(10082,863),(10083,14),(10083,1317),(10092,80),(10092,9884),(10094,1280),(10095,6105),(10101,4868),(10105,6662),(10106,992),(10110,9230),(10116,3958),(10116,8755),(10117,8929),(10122,780),(10123,666),(10124,5493),(10127,3366),(10128,877),(10128,6753),(10131,8816),(10132,864),(10132,7673),(10135,3798),(10137,3336),(10138,5387),(10141,9531),(10142,2639),(10142,3954),(10143,6305),(10147,1112),(10147,9222),(10149,8576),(10152,9351),(10154,7575),(10156,638),(10158,3911),(10158,4298),(10161,446),(10161,5535),(10162,2703),(10162,3547),(10162,4945),(10164,8579),(10164,8789),(10166,9699),(10169,354),(10176,2520),(10176,8349),(10179,9121),(10180,8507),(10182,3756),(10187,6974),(10192,384),(10195,9958),(10197,5853),(10198,5553),(10200,1868),(10201,8075),(10202,8314),(10203,5201),(10203,6035),(10204,467),(10205,6261),(10207,3543),(10211,8115),(10212,1650),(10212,3947),(10218,5104),(10219,3123),(10221,4533),(10222,6502),(10223,8047),(10226,9352),(10228,1040),(10228,1248),(10229,4968),(10232,7797),(10235,358),(10236,729),(10239,7962),(10242,4790),(10244,425),(10245,7737),(10246,7589),(10247,9880),(10252,7745),(10255,8117),(10257,7136),(10263,8111),(10264,4089),(10272,640),(10273,4322),(10275,1713),(10276,7810),(10279,7844),(10281,834),(10286,1587),(10288,4411),(10288,5813),(10288,7183),(10289,2744),(10291,1813),(10291,6349),(10294,8268),(10298,2927),(10299,6752),(10301,2153),(10301,9516),(10311,176),(10312,3678),(10313,5214),(10313,8205),(10315,2745),(10316,3523),(10320,4465),(10327,884),(10331,1964),(10333,264),(10335,8162),(10341,2504),(10343,8604),(10350,8222),(10351,2371),(10351,6476),(10352,1999),(10353,471),(10356,2604),(10359,5786),(10364,9076),(10365,762),(10365,7197),(10367,4047),(10373,8796),(10377,6835),(10379,6932),(10384,3939),(10387,4573),(10387,5350),(10389,2963),(10391,1261),(10393,101),(10393,4149),(10396,9666),(10399,1537),(10401,1865),(10402,1477),(10402,4774),(10408,3704),(10412,9758),(10413,9278),(10414,1083),(10415,6757),(10417,1540),(10420,8063),(10422,3481),(10424,5392),(10425,8077),(10425,8711),(10426,5400),(10427,4621),(10430,5063),(10430,7079),(10431,2610),(10434,2421),(10438,9578),(10441,5938),(10441,6561),(10444,7352),(10445,3498),(10447,9176),(10448,3572),(10451,9447),(10452,4790),(10453,1605),(10453,4718),(10453,5076),(10453,8927),(10456,5944),(10459,7212),(10460,344),(10461,6477),(10462,2739),(10464,4295),(10465,9283),(10466,246),(10469,4794),(10471,1454),(10474,1464),(10474,3598),(10475,6726),(10475,9774),(10476,3334),(10476,6565),(10479,9134),(10481,4362),(10481,6788),(10482,7065),(10482,9891),(10483,798),(10483,4745),(10483,8464),(10484,681),(10485,2904),(10485,2914),(10493,2322),(10495,9112),(10496,937),(10498,1947),(10500,6319),(10501,7599),(10503,134),(10510,851),(10513,6487),(10515,3788),(10516,365),(10518,1752),(10518,7589),(10522,1081),(10522,2131),(10525,4172),(10525,8430),(10526,5867),(10527,4258),(10529,6566),(10529,8016),(10533,4277),(10535,1236),(10539,1496),(10539,8567),(10546,9041),(10548,5537),(10549,1185),(10550,509),(10550,3314),(10551,4168),(10552,7),(10552,4119),(10556,1578),(10557,9542),(10558,7168),(10560,7271),(10562,2641),(10563,9519),(10564,7188),(10566,9645),(10568,3143),(10569,7280),(10572,2601),(10576,2355),(10576,3062),(10577,909),(10579,1397),(10579,5459),(10581,7026),(10587,1618),(10587,8262),(10593,4992),(10595,5610),(10599,6342),(10601,6529),(10603,8350),(10608,3930),(10610,4202),(10612,180),(10615,221),(10615,2008),(10618,9523),(10625,3758),(10625,8905),(10627,5),(10627,9600),(10629,658),(10630,9494),(10631,626),(10635,3654),(10641,8777),(10641,9768),(10643,2817),(10644,7845),(10645,8219),(10646,7715),(10648,4205),(10651,6686),(10653,8590),(10655,1526),(10655,2538),(10657,211),(10658,668),(10659,3300),(10660,2253),(10660,5243),(10663,5778),(10664,5268),(10666,929),(10667,6664),(10667,7510),(10670,2448),(10677,1075),(10679,7708),(10683,45),(10684,2860),(10687,7156),(10689,3145),(10689,9360),(10690,5336),(10691,1909),(10692,4274),(10696,7897),(10699,2015),(10699,2719),(10699,9726),(10700,230),(10701,9754),(10703,274),(10705,3114),(10709,3523),(10709,4879),(10710,8045),(10713,331),(10713,3544),(10713,7327),(10713,8551),(10714,8835),(10715,5551),(10720,2273),(10722,7069),(10722,8375),(10737,4881),(10738,7717),(10740,7485),(10747,9883),(10749,2847),(10754,919),(10756,9122),(10757,4491),(10759,6725),(10760,45),(10761,9021),(10762,218),(10762,4674),(10765,2785),(10767,1014),(10767,8615),(10770,3035),(10771,2695),(10772,6797),(10772,7244),(10773,7889),(10774,1030),(10783,5515),(10784,7503),(10785,4452),(10786,8968),(10793,3965),(10794,418),(10794,6538),(10802,4818),(10806,3277),(10807,614),(10814,224),(10814,7541),(10817,2726),(10819,253),(10819,4837),(10820,3658),(10820,4718),(10821,154),(10822,6937),(10823,6253),(10824,2816),(10825,5218),(10828,4410),(10828,8758),(10829,1562),(10829,6655),(10829,9268),(10833,3325),(10833,9205),(10835,537),(10839,2109),(10840,1541),(10841,1047),(10842,7732),(10843,2981),(10845,8703),(10847,1092),(10847,2676),(10847,8938),(10852,1605),(10856,1859),(10858,3525),(10858,4900),(10860,7297),(10863,4288),(10867,1714),(10867,4720),(10868,5774),(10871,4292),(10871,6992),(10876,1698),(10877,2732),(10879,1461),(10879,2222),(10882,9944),(10885,3579),(10885,9610),(10891,4029),(10892,3803),(10893,9879),(10894,2275),(10898,6056),(10899,4549),(10902,7150),(10905,1928),(10905,2347),(10907,2463),(10907,4545),(10907,8400),(10908,297),(10909,9891),(10910,8556),(10911,3082),(10911,3622),(10912,6253),(10913,7784),(10914,1500),(10914,2875),(10915,3210),(10916,9927),(10918,1046),(10922,5217),(10923,8819),(10924,7711),(10925,2552),(10925,8751),(10926,6898),(10926,8003),(10927,445),(10928,7528),(10931,2628),(10932,560),(10933,5203),(10935,9177),(10936,3285),(10936,6411),(10937,1353),(10938,6571),(10938,7729),(10939,7790),(10942,9582),(10944,4708),(10947,1246),(10947,6179),(10948,1497),(10951,5456),(10954,8361),(10957,1483),(10959,3035),(10964,5766),(10965,1925),(10967,6032),(10972,206),(10972,5140),(10977,4309),(10978,3160),(10984,1458),(10988,3609),(10988,5711),(10989,9745),(10995,9562),(10996,6649),(10998,3313),(11001,111),(11004,6284),(11006,15),(11006,1217),(11006,6825),(11009,9964),(11015,3488),(11017,882),(11017,1977),(11023,720),(11023,7217),(11025,212),(11027,9999),(11029,3358),(11031,5191),(11032,1815),(11034,5191),(11037,4297),(11039,6043),(11039,8487),(11041,3913),(11044,6990),(11045,2054),(11045,6741),(11045,7244),(11047,8709),(11049,6503),(11051,9619),(11053,659),(11054,7689),(11059,9840),(11062,3845),(11063,1206),(11065,7039),(11069,2292),(11069,4434),(11075,3294),(11075,7357),(11077,7091),(11082,4526),(11084,9384),(11084,9947),(11085,6152),(11087,2850),(11090,2018),(11090,4369),(11090,8125),(11095,4419),(11103,6885),(11104,6765),(11105,7947),(11110,9212),(11113,8149),(11114,351),(11119,6018),(11120,1495),(11123,4062),(11130,4398),(11132,1488),(11133,7465),(11134,450),(11136,6220),(11139,5725),(11139,8049),(11140,2633),(11141,1464),(11141,5890),(11141,7522),(11141,7985),(11142,768),(11142,1423),(11142,7906),(11146,8712),(11148,5460),(11151,1894),(11152,7155),(11154,2219),(11154,8934),(11155,8363),(11158,2085),(11158,8322),(11160,3795),(11168,9772),(11169,3507),(11170,5360),(11170,7788),(11174,5799),(11175,292),(11176,7148),(11176,9691),(11179,2017),(11179,9355),(11180,3743),(11182,5462),(11183,3691),(11185,1921),(11188,125),(11191,5089),(11192,2247),(11194,388),(11195,9828),(11198,4355),(11199,790),(11200,4592),(11202,9582),(11205,6663),(11210,4295),(11210,6485),(11215,6263),(11216,5225),(11217,6194),(11217,7692),(11219,7856),(11220,3128),(11222,288),(11223,665),(11225,7470),(11226,8867),(11227,9089),(11228,2937),(11231,1079),(11233,1434),(11233,1948),(11233,6349),(11237,8360),(11239,6739),(11241,2417),(11243,7801),(11243,8155),(11244,8374),(11247,5599),(11248,1164),(11248,9564),(11249,3377),(11252,4310),(11256,4041),(11256,8955),(11258,1753),(11261,4150),(11262,6407),(11265,3474),(11267,6653),(11268,2192),(11269,7987),(11275,1906),(11276,4832),(11280,5895),(11282,6858),(11286,4038),(11286,7498),(11286,9264),(11289,30),(11289,2559),(11290,6406),(11292,54),(11292,8708),(11294,748),(11297,9693),(11298,4415),(11304,4162),(11308,7394),(11313,4871),(11315,3876),(11315,4394),(11315,4506),(11315,9800),(11319,1558),(11324,8367),(11328,1208),(11328,9198),(11330,8873),(11332,8606),(11332,8934),(11333,4552),(11333,5295),(11335,274),(11337,3592),(11339,5731),(11341,5430),(11342,2500),(11343,1698),(11343,6503),(11345,6104),(11349,5186),(11351,9771),(11352,9694),(11357,1496),(11358,6443),(11358,7444),(11358,8430),(11358,8560),(11361,1119),(11361,4963),(11365,6504),(11366,3999),(11372,8494),(11374,5837),(11375,4840),(11375,4928),(11376,4984),(11377,5413),(11377,8065),(11381,7096),(11381,8992),(11382,7714),(11383,5244),(11385,1142),(11386,7868),(11388,1498),(11389,4360),(11390,6297),(11395,7996),(11398,8203),(11401,6855),(11401,8521),(11406,4799),(11407,7482),(11412,9956),(11418,4744),(11419,4849),(11420,523),(11420,4435),(11422,4181),(11422,4251),(11423,7140),(11427,8903),(11431,1083),(11431,6118),(11434,3069),(11437,4460),(11440,4336),(11440,5689),(11442,6411),(11443,4998),(11444,1135),(11444,4767),(11447,896),(11448,5586),(11449,5815),(11449,7519),(11450,9622),(11451,6702),(11453,2749),(11456,5572),(11457,6603),(11462,83),(11469,2781),(11469,5015),(11473,4758),(11475,4644),(11475,6558),(11477,9603),(11478,6680),(11488,1816),(11488,3881),(11490,4032),(11490,8547),(11492,4100),(11495,2952),(11497,4968),(11504,5175),(11504,9467),(11505,9846),(11506,6450),(11507,6368),(11507,6687),(11512,4881),(11518,1215),(11524,6451),(11528,2985),(11529,7564),(11529,8264),(11533,7454),(11534,5359),(11535,9459),(11536,5045),(11542,4668),(11545,9719),(11546,1677),(11550,5995),(11551,7790),(11554,4973),(11554,6626),(11555,6088),(11558,8719),(11560,5734),(11563,2662),(11564,3221),(11565,3535),(11565,4930),(11566,5500),(11567,1241),(11570,6420),(11570,7305),(11572,3450),(11573,9181),(11575,5259),(11575,6158),(11580,3248),(11581,960),(11582,7187),(11584,6635),(11585,5493),(11585,6928),(11592,4109),(11592,4407),(11593,6934),(11596,2340),(11597,2207),(11598,7459),(11599,1089),(11601,4224),(11602,3062),(11605,1845),(11605,6162),(11609,5124),(11614,7079),(11615,997),(11615,3118),(11624,4605),(11635,1974),(11635,5786),(11639,85),(11642,896),(11643,181),(11643,457),(11643,8975),(11658,9185),(11660,4793),(11665,4791),(11665,6920),(11670,8575),(11670,8618),(11672,4421),(11675,7492),(11676,2759),(11677,4568),(11678,1526),(11678,9568),(11679,3675),(11686,896),(11686,3406),(11688,8233),(11692,2042),(11697,5632),(11698,801),(11698,1233),(11700,1683),(11700,4474),(11701,988),(11702,2317),(11705,1434),(11706,4537),(11713,5033),(11715,6339),(11721,3805),(11722,2354),(11724,8415),(11733,8876),(11736,1477),(11740,7887),(11744,2381),(11744,8384),(11746,405),(11747,7446),(11750,2760),(11755,295),(11755,1353),(11759,317),(11760,2507),(11760,5653),(11762,1773),(11767,745),(11770,3424),(11772,6352),(11773,7918),(11773,9226),(11774,9648),(11777,6225),(11779,679),(11779,923),(11782,3100),(11785,2373),(11786,9361),(11787,412),(11789,1466),(11791,1914),(11793,718),(11794,3480),(11798,3585),(11800,3717),(11801,8694),(11802,3344),(11803,4216),(11805,7533),(11807,140),(11809,8844),(11811,3388),(11811,3771),(11812,9516),(11813,9406),(11814,9534),(11816,2330),(11817,1247),(11818,610),(11819,5582),(11820,232),(11823,5248),(11824,8862),(11825,5945),(11827,1852),(11830,92),(11831,7738),(11832,3126),(11840,9115),(11843,9317),(11845,7711),(11847,7098),(11848,1533),(11849,7493),(11850,6768),(11851,6225),(11852,1564),(11854,838),(11857,7568),(11864,2164),(11865,3193),(11866,6847),(11868,9810),(11869,664),(11869,9648),(11874,6752),(11878,3434),(11878,9364),(11883,7690),(11885,3318),(11885,6861),(11890,6766),(11891,3550),(11892,6277),(11892,6958),(11892,7481),(11894,4665),(11895,7665),(11895,8338),(11897,2718),(11899,6750),(11900,5993),(11903,2700),(11907,851),(11908,5072),(11910,5601),(11912,3065),(11915,9155),(11916,1936),(11918,8119),(11919,1804),(11920,1988),(11920,2863),(11921,7790),(11923,9020),(11929,6996),(11930,3342),(11930,3593),(11930,6496),(11931,2376),(11936,8196),(11936,8436),(11938,4685),(11938,5438),(11940,9602),(11942,5274),(11943,6857),(11958,5855),(11960,2205),(11960,7663),(11963,4830),(11964,1861),(11965,3292),(11967,4620),(11967,8827),(11969,7523),(11970,7413),(11971,4349),(11981,4208),(11981,4376),(11982,3043),(11982,9586),(11985,1758),(11987,3699),(11987,7148),(11988,68),(11989,7224),(11993,8026),(11994,5288),(11995,782),(11996,2211),(11999,568),(11999,7843),(12000,973),(12001,6692),(12001,9135),(12002,3749),(12004,8033),(12006,3229),(12006,7310),(12008,1157),(12008,7631),(12008,8593),(12019,3419),(12019,5694),(12022,3519),(12022,4545),(12022,8567),(12023,7601),(12025,606),(12025,3738),(12026,9711),(12027,9318),(12028,6214),(12030,5797),(12035,3643),(12035,4956),(12041,8198),(12045,711),(12047,5222),(12048,4968),(12048,7816),(12049,4487),(12049,6166),(12053,8993),(12055,499),(12060,7208),(12062,409),(12062,718),(12063,1910),(12066,5304),(12068,8730),(12069,320),(12074,2534),(12074,3836),(12074,4772),(12075,3631),(12076,6118),(12077,5397),(12079,5933),(12084,3760),(12085,293),(12085,2667),(12085,6074),(12088,5190),(12088,6083),(12089,9917),(12090,120),(12091,290),(12098,4131),(12099,1844),(12105,5763),(12110,215),(12114,1701),(12118,5842),(12118,8975),(12120,7519),(12121,1773),(12122,561),(12126,8452),(12128,8453),(12129,7115),(12130,5854),(12132,982),(12133,8510),(12134,2766),(12135,9263),(12137,966),(12139,6128),(12140,9829),(12142,4165),(12154,6413),(12154,9644),(12160,7626),(12162,7016),(12166,1873),(12167,6362),(12168,2180),(12169,7155),(12172,7914),(12174,4315),(12177,3414),(12177,5760),(12180,2065),(12183,1061),(12184,8765),(12192,1698),(12198,5850),(12200,4668),(12202,4540),(12202,8041),(12204,1460),(12204,4229),(12205,6093),(12205,8281),(12206,4284),(12207,8438),(12208,2669),(12208,5526),(12214,1914),(12214,4828),(12215,507),(12215,9933),(12216,8653),(12217,3285),(12219,3649),(12222,7501),(12223,4119),(12224,2588),(12225,5575),(12226,1035),(12228,9515),(12233,9348),(12234,441),(12235,1847),(12236,1349),(12237,4711),(12239,1653),(12239,2626),(12240,7600),(12242,1082),(12242,9727),(12245,1548),(12247,1679),(12250,5833),(12253,6863),(12256,2989),(12256,8462),(12259,5712),(12259,6274),(12259,9144),(12260,30),(12262,3703),(12264,8690),(12267,271),(12274,3278),(12276,2988),(12276,8391),(12278,7341),(12282,5449),(12283,8823),(12284,8289),(12287,3158),(12287,9143),(12289,8934),(12291,1920),(12293,5059),(12293,6983),(12297,9117),(12299,4805),(12300,4048),(12301,6533),(12301,8217),(12302,7604),(12304,4315),(12309,8781),(12314,6540),(12315,1812),(12321,3321),(12325,389),(12326,7140),(12327,653),(12327,5916),(12329,3255),(12329,5790),(12333,477),(12333,8194),(12335,2631),(12340,4737),(12340,9883),(12343,4553),(12347,1177),(12349,8930),(12349,9174),(12351,102),(12351,2491),(12354,2845),(12356,5399),(12356,9992),(12359,1969),(12360,7661),(12361,5803),(12366,8433),(12367,7869),(12371,1953),(12373,6363),(12375,4108),(12378,9023),(12380,8869),(12383,3345),(12384,9074),(12387,2212),(12387,4024),(12389,4301),(12390,6624),(12395,4204),(12396,697),(12401,4924),(12402,4149),(12403,9682),(12407,247),(12411,7348),(12414,7047),(12418,3255),(12419,8347),(12420,2429),(12423,679),(12425,1920),(12428,119),(12439,1087),(12439,6424),(12440,1064),(12441,9052),(12442,824),(12444,6795),(12452,7931),(12454,3976),(12454,4225),(12456,7014),(12457,635),(12462,9046),(12466,5900),(12471,8445),(12475,9273),(12482,9245),(12485,4034),(12489,8850),(12492,8396),(12495,1205),(12496,5836),(12499,6318),(12501,2210),(12502,8456),(12503,349),(12503,2786),(12506,2488),(12514,7938),(12515,6195),(12516,9767),(12517,2640),(12518,8709),(12519,1827),(12521,5895),(12525,8787),(12527,2860),(12532,2940),(12532,7445),(12536,5272),(12540,5328),(12540,9420),(12543,1709),(12544,5576),(12546,6862),(12547,1796),(12547,4977),(12550,6687),(12554,5665),(12557,990),(12557,3530),(12561,2251),(12561,3137),(12562,3261),(12570,4093),(12570,9692),(12571,9039),(12574,2146),(12575,9974),(12585,9250),(12590,3724),(12592,1152),(12594,4523),(12599,1575),(12603,8886),(12604,7188),(12606,8815),(12608,8361),(12611,6207),(12614,5145),(12616,9280),(12624,9900),(12625,9159),(12627,3894),(12628,558),(12629,3569),(12630,5624),(12631,9707),(12633,7529),(12639,6173),(12640,5486),(12642,5423),(12642,9152),(12645,4788),(12647,8297),(12650,4050),(12651,5319),(12651,8664),(12655,1652),(12657,1248),(12658,5855),(12658,9540),(12662,9790),(12665,1625),(12665,3369),(12669,2302),(12669,8437),(12669,8898),(12678,4300),(12680,4309),(12684,9982),(12686,2229),(12687,5822),(12689,564),(12689,7789),(12693,8793),(12701,5794),(12706,797),(12706,8386),(12710,5691),(12713,7784),(12714,2640),(12718,4172),(12718,8873),(12719,7604),(12724,882),(12729,7082),(12730,219),(12730,2615),(12731,3537),(12732,3646),(12732,7428),(12736,980),(12737,5960),(12738,3004),(12741,531),(12743,4639),(12743,9532),(12743,9646),(12748,463),(12755,7997),(12757,5737),(12757,6005),(12758,4092),(12759,6339),(12759,9095),(12760,7466),(12766,2909),(12768,4273),(12771,5118),(12778,6426),(12781,1177),(12782,8831),(12785,9231),(12787,9268),(12790,3127),(12791,3100),(12791,7482),(12792,5263),(12794,3926),(12796,5180),(12798,2015),(12798,4163),(12799,8948),(12803,701),(12804,1649),(12804,4088),(12806,3138),(12807,2482),(12811,2551),(12811,7795),(12813,681),(12815,498),(12815,4233),(12818,7059),(12818,7310),(12825,4126),(12827,1162),(12827,9166),(12830,6545),(12835,8151),(12841,4124),(12841,6236),(12842,9079),(12843,4056),(12843,7539),(12844,2109),(12847,661),(12848,8615),(12850,5939),(12851,6353),(12852,9121),(12853,6574),(12859,8023),(12861,8755),(12863,6295),(12869,6077),(12871,9983),(12872,3101),(12872,7409),(12879,7241),(12879,8443),(12882,7673),(12883,4741),(12883,5136),(12884,3654),(12884,4383),(12884,6143),(12885,9119),(12887,5430),(12888,3730),(12888,6193),(12893,2254),(12893,9100),(12902,4070),(12904,9024),(12907,1497),(12907,7580),(12908,117),(12909,7345),(12910,5029),(12911,6732),(12912,140),(12914,61),(12916,4824),(12917,7001),(12922,3759),(12925,9584),(12928,2527),(12930,9573),(12931,3511),(12934,1442),(12936,2648),(12936,8470),(12938,2429),(12939,628),(12940,3882),(12946,8113),(12951,9407),(12953,4830),(12953,5144),(12955,8531),(12960,2456),(12964,1652),(12969,215),(12972,1235),(12973,4451),(12974,2579),(12975,7345),(12976,674),(12977,530),(12977,7437),(12980,2002),(12982,3139),(12983,7319),(12989,6517),(12995,9015),(12998,2286),(13001,1720),(13003,4116),(13004,1220),(13004,3704),(13004,8347),(13005,6796),(13011,6934),(13012,651),(13017,5719),(13017,8324),(13018,8237),(13019,6515),(13024,1149),(13025,6568),(13026,1225),(13026,4516),(13027,668),(13030,588),(13031,4084),(130
[...]
29),(16963,5562),(16963,9128),(16965,9153),(16971,1565),(16973,5867),(16973,6222),(16973,9592),(16978,2566),(16980,1141),(16981,9270),(16983,8394),(16985,433),(16987,7116),(16990,3051),(16990,3960),(16991,6280),(16992,3090),(16997,3004),(17000,2537),(17003,7984),(17007,4617),(17011,4109),(17011,8733),(17013,4640),(17015,4111),(17020,7037),(17020,8737),(17023,7858),(17025,4389),(17027,1926),(17028,8435),(17029,498),(17034,7375),(17039,9053),(17041,1323),(17048,6312),(17049,9156),(17049,9947),(17056,9107),(17057,4997),(17057,5412),(17062,5868),(17064,5634),(17069,292),(17069,2411),(17069,9990),(17074,3930),(17080,4474),(17081,7314),(17081,9740),(17083,2020),(17083,2124),(17086,8050),(17087,9996),(17088,7518),(17090,1401),(17090,9407),(17091,4467),(17091,7157),(17093,1829),(17094,1468),(17094,9956),(17096,2244),(17096,2828),(17102,9717),(17103,5956),(17104,2482),(17106,3455),(17108,1382),(17111,207),(17113,1871),(17117,2452),(17119,3521),(17122,5121),(17124,8403),(17129,3034),(17132,8115),(17133,3037),(17133,6922),(17133,7088),(17135,8397),(17139,4643),(17139,4843),(17140,9125),(17142,496),(17149,7691),(17150,2177),(17152,183),(17155,9759),(17163,7896),(17164,2357),(17165,7927),(17166,1718),(17166,6992),(17168,6834),(17171,1827),(17171,6735),(17174,3974),(17178,8012),(17179,4300),(17187,6102),(17189,3258),(17189,4748),(17189,5787),(17190,907),(17192,8279),(17193,738),(17195,3762),(17197,6834),(17198,2787),(17199,3905),(17201,8727),(17204,606),(17204,6331),(17204,7877),(17211,3267),(17212,4969),(17213,2881),(17214,2557),(17215,5975),(17219,8970),(17222,6062),(17226,4107),(17227,5071),(17234,593),(17235,3994),(17236,9455),(17249,4742),(17251,6261),(17255,410),(17256,6577),(17258,6875),(17261,8117),(17264,533),(17264,2819),(17265,125),(17265,8898),(17266,5864),(17267,8994),(17268,8712),(17268,9016),(17269,2243),(17276,645),(17277,204),(17277,2593),(17278,9665),(17279,671),(17288,9877),(17289,4876),(17290,7655),(17293,7790),(17293,9982),(17296,9157),(17297,3165),(17297,5600),(17300,3240),(17300,8046),(17301,1556),(17301,6767),(17303,1134),(17306,9661),(17307,878),(17310,2590),(17314,2965),(17314,4556),(17320,3861),(17322,6847),(17323,2052),(17323,7336),(17324,6559),(17328,3782),(17331,9994),(17332,709),(17332,1786),(17333,3098),(17333,3714),(17335,5000),(17337,2206),(17339,378),(17339,6180),(17340,1665),(17343,9067),(17344,6040),(17347,4683),(17351,7199),(17352,408),(17352,470),(17353,9389),(17355,8287),(17358,6959),(17360,5285),(17364,3569),(17366,3949),(17366,9108),(17372,8823),(17373,4592),(17379,7746),(17386,9902),(17387,490),(17388,8794),(17389,4389),(17389,5011),(17391,1238),(17397,6917),(17400,8018),(17401,4573),(17406,7099),(17407,9301),(17408,2360),(17408,6908),(17409,1648),(17411,7174),(17414,9999),(17416,8638),(17417,2708),(17418,5428),(17419,3355),(17420,1857),(17420,8692),(17420,9900),(17421,915),(17421,3219),(17422,3616),(17423,9762),(17424,1170),(17425,975),(17427,4342),(17431,2024),(17433,2009),(17434,1902),(17435,2680),(17436,6888),(17437,9686),(17442,5229),(17443,6689),(17459,5266),(17465,557),(17468,6412),(17470,8659),(17471,3768),(17476,4826),(17479,8826),(17482,3037),(17482,8542),(17484,3106),(17486,3833),(17493,3536),(17495,1944),(17496,2057),(17499,3426),(17500,3758),(17502,4373),(17504,6741),(17505,5867),(17506,2152),(17508,3720),(17521,6124),(17521,7374),(17522,1136),(17524,6279),(17526,428),(17526,786),(17527,1297),(17527,7995),(17528,7941),(17529,6556),(17530,7298),(17532,4078),(17532,9602),(17535,3678),(17536,5545),(17539,8717),(17541,1643),(17544,7091),(17547,1284),(17547,9056),(17549,979),(17556,6021),(17557,3303),(17559,59),(17560,3804),(17561,5144),(17567,7960),(17572,5133),(17572,6222),(17573,941),(17573,7332),(17574,1560),(17576,7348),(17583,4574),(17585,5280),(17585,7112),(17586,9598),(17587,2619),(17593,7860),(17594,6083),(17595,3699),(17605,1203),(17605,8714),(17611,6914),(17612,5267),(17615,9986),(17616,9831),(17622,3133),(17628,7643),(17630,2640),(17633,1459),(17634,4277),(17634,9989),(17635,1767),(17636,2550),(17637,9962),(17645,808),(17645,5741),(17645,8219),(17647,3241),(17648,1500),(17648,3846),(17649,2304),(17649,4020),(17649,9577),(17652,4800),(17659,1283),(17659,4638),(17660,8668),(17660,9538),(17661,3423),(17664,3741),(17665,2176),(17668,5089),(17668,9762),(17669,1838),(17670,4213),(17676,7282),(17677,6345),(17678,1819),(17679,2714),(17680,1216),(17680,7224),(17681,3538),(17681,3913),(17682,6236),(17686,3427),(17690,7323),(17694,5021),(17694,9829),(17697,2265),(17700,5186),(17701,4801),(17706,5764),(17709,4654),(17713,6370),(17714,4044),(17714,6015),(17717,4483),(17718,2927),(17721,9685),(17723,5975),(17724,502),(17726,1421),(17726,8038),(17729,5033),(17730,7027),(17731,2886),(17733,1565),(17733,5581),(17736,8727),(17738,5795),(17741,501),(17744,9866),(17746,7551),(17747,5703),(17750,8363),(17752,988),(17756,3379),(17757,8429),(17758,642),(17763,5652),(17763,9672),(17769,8504),(17770,1012),(17771,7281),(17778,2692),(17778,9682),(17780,4841),(17788,6896),(17789,2308),(17789,5657),(17792,7989),(17794,4584),(17794,9764),(17794,9913),(17796,6932),(17797,4211),(17797,6088),(17798,7842),(17799,5030),(17800,8269),(17805,182),(17806,2012),(17808,148),(17809,8025),(17819,1997),(17821,3203),(17822,2574),(17824,4815),(17825,827),(17825,4690),(17825,8665),(17827,8813),(17834,8817),(17838,1444),(17840,7140),(17841,2319),(17841,5946),(17842,6666),(17844,7014),(17844,7643),(17846,3819),(17855,5149),(17858,5907),(17858,9572),(17859,1810),(17859,3088),(17859,3879),(17859,7338),(17860,6228),(17866,7877),(17867,507),(17869,5919),(17870,1576),(17874,5251),(17874,5373),(17875,4089),(17876,7646),(17879,4906),(17885,6885),(17887,5126),(17888,9860),(17894,2192),(17896,5413),(17896,8745),(17898,4077),(17904,1730),(17907,9156),(17909,7057),(17910,590),(17911,2997),(17914,1298),(17917,4303),(17919,2830),(17920,7579),(17922,2834),(17924,9211),(17926,9),(17927,7429),(17927,8180),(17928,1168),(17931,1453),(17933,3056),(17934,1989),(17934,3172),(17942,2096),(17944,6816),(17945,4797),(17948,4221),(17951,8383),(17953,7490),(17954,7905),(17956,9529),(17957,26),(17957,936),(17960,5743),(17963,7825),(17964,7983),(17969,5186),(17974,8233),(17976,8059),(17978,1882),(17981,8852),(17985,7690),(17986,5294),(17990,5457),(17990,7150),(17992,1724),(17992,4206),(17994,9125),(17997,6389),(17997,9337),(17998,6871),(17999,3446),(18000,3982),(18002,2480),(18002,5950),(18007,5090),(18008,2729),(18009,3586),(18010,4660),(18010,8691),(18013,9917),(18015,3273),(18015,3788),(18021,2381),(18021,4771),(18024,8074),(18025,1750),(18026,6074),(18030,7757),(18036,2831),(18038,5406),(18040,2146),(18041,423),(18041,5671),(18043,1476),(18049,2389),(18054,5878),(18057,1853),(18059,2756),(18061,3530),(18061,6130),(18063,199),(18063,914),(18065,595),(18067,9193),(18068,8539),(18071,4215),(18072,7279),(18074,9455),(18080,9498),(18083,1929),(18083,8005),(18086,729),(18086,4599),(18090,7571),(18092,9286),(18094,1164),(18094,8051),(18097,436),(18098,3237),(18100,6618),(18102,1582),(18103,1596),(18104,9795),(18105,5258),(18109,354),(18112,3760),(18112,9888),(18115,9108),(18117,5013),(18121,5111),(18122,9411),(18126,3404),(18135,2559),(18136,1904),(18140,4631),(18142,103),(18144,8572),(18145,7),(18146,7284),(18151,1697),(18157,6242),(18160,1408),(18164,363),(18165,8159),(18169,4703),(18170,1538),(18170,6963),(18170,9852),(18171,4853),(18172,3365),(18172,9549),(18173,4519),(18174,4984),(18177,7512),(18178,4432),(18179,1009),(18180,2685),(18180,6217),(18183,5277),(18183,5791),(18184,6904),(18185,4964),(18192,9275),(18196,6369),(18200,2642),(18201,8444),(18204,707),(18206,874),(18208,5496),(18210,90),(18213,1874),(18216,1980),(18218,4978),(18223,1783),(18223,9903),(18224,1873),(18226,614),(18226,3605),(18227,8646),(18229,279),(18231,493),(18235,205),(18239,80),(18241,7700),(18244,2779),(18244,6408),(18250,4252),(18251,3001),(18251,3179),(18251,9716),(18252,7408),(18255,1485),(18256,1736),(18258,4998),(18258,8834),(18259,5281),(18260,2251),(18260,6602),(18264,4840),(18265,2352),(18269,9226),(18270,5225),(18273,3193),(18273,4591),(18277,437),(18277,6541),(18278,3833),(18278,4500),(18281,6580),(18284,835),(18284,9269),(18285,4861),(18287,7987),(18288,4296),(18291,5471),(18295,6386),(18297,6319),(18298,2393),(18298,3320),(18300,3989),(18301,8140),(18301,8496),(18302,72),(18303,6868),(18303,9634),(18305,6905),(18307,2034),(18307,6387),(18312,8482),(18313,6624),(18315,539),(18316,6205),(18320,3615),(18320,4168),(18320,6753),(18330,4144),(18330,7262),(18330,9706),(18330,9810),(18331,6411),(18331,8275),(18333,6857),(18334,4604),(18334,8992),(18335,2470),(18336,9528),(18339,7605),(18342,5443),(18348,7060),(18350,9866),(18351,1180),(18351,6267),(18357,8272),(18359,1492),(18364,5203),(18364,7146),(18364,7841),(18367,8408),(18369,5502),(18372,436),(18372,2147),(18373,822),(18373,4223),(18375,6765),(18376,78),(18377,7684),(18379,3405),(18380,3295),(18380,8891),(18388,1231),(18391,9282),(18393,141),(18393,5169),(18396,5578),(18400,6653),(18402,7232),(18402,8004),(18403,5156),(18405,4226),(18406,6648),(18408,3390),(18408,7528),(18409,3995),(18410,4741),(18414,6803),(18416,5254),(18418,3944),(18420,8515),(18422,9753),(18423,5755),(18425,3552),(18425,5698),(18426,5908),(18428,4657),(18434,3888),(18434,6102),(18435,943),(18435,9413),(18437,2225),(18440,9691),(18445,2807),(18445,5720),(18445,6814),(18447,827),(18447,6360),(18448,9082),(18452,5693),(18455,1293),(18455,8672),(18457,7383),(18459,459),(18460,6886),(18462,7572),(18468,1798),(18469,6494),(18469,9945),(18473,6540),(18474,2776),(18475,7224),(18477,3207),(18477,5302),(18477,5718),(18480,9600),(18485,1573),(18485,3943),(18494,5676),(18495,699),(18495,5774),(18503,9748),(18506,5364),(18506,9155),(18512,8982),(18513,102),(18513,6815),(18515,2825),(18517,6021),(18518,1762),(18518,2179),(18519,9756),(18530,1712),(18532,9479),(18533,2744),(18534,2544),(18534,3113),(18534,9587),(18537,3975),(18539,4222),(18540,9165),(18543,9312),(18544,5545),(18544,9119),(18545,4131),(18547,3567),(18547,4934),(18548,6746),(18552,9223),(18552,9462),(18553,6294),(18555,2905),(18558,303),(18558,8675),(18559,4220),(18565,5238),(18565,5325),(18566,5560),(18570,1985),(18570,9737),(18576,3876),(18581,757),(18581,6486),(18581,9726),(18583,251),(18585,4085),(18585,6944),(18586,6168),(18588,7973),(18590,5673),(18593,2163),(18594,4461),(18596,9472),(18597,6561),(18598,1570),(18600,3563),(18601,5648),(18603,897),(18606,1414),(18607,9585),(18609,8621),(18609,8666),(18610,4818),(18612,8044),(18619,6335),(18622,1509),(18624,830),(18624,8830),(18625,6789),(18631,3011),(18633,1676),(18633,4077),(18633,5863),(18636,7441),(18639,7973),(18640,1689),(18647,7660),(18648,142),(18648,6999),(18650,6138),(18650,9203),(18659,8314),(18666,320),(18668,6960),(18668,9246),(18678,7113),(18679,3393),(18679,7782),(18681,1920),(18682,2561),(18685,8045),(18687,8548),(18689,280),(18689,9476),(18692,7821),(18693,806),(18693,3807),(18693,8185),(18698,7051),(18700,1439),(18703,770),(18705,4309),(18705,4448),(18706,1768),(18707,1764),(18708,6532),(18710,5472),(18711,5409),(18714,3597),(18717,5165),(18720,900),(18721,6667),(18723,3916),(18726,9102),(18730,7389),(18731,5250),(18732,7402),(18733,7332),(18734,9948),(18739,691),(18739,1084),(18739,3543),(18742,3174),(18743,4728),(18744,6305),(18749,1027),(18749,4727),(18752,4342),(18753,1110),(18753,4477),(18755,5841),(18756,3966),(18760,4815),(18770,6819),(18775,209),(18776,1044),(18778,4381),(18783,1106),(18792,7393),(18794,3605),(18796,6774),(18797,8756),(18799,3477),(18801,3089),(18803,2867),(18803,4777),(18804,3203),(18809,1327),(18809,3860),(18810,9169),(18811,128),(18812,2730),(18814,5830),(18818,6281),(18821,308),(18823,2003),(18826,4777),(18828,3882),(18830,8896),(18833,47),(18833,9701),(18835,5083),(18835,8072),(18836,3278),(18837,1595),(18839,5020),(18839,8588),(18839,9704),(18842,3021),(18846,1665),(18846,8509),(18846,9829),(18849,3574),(18849,9378),(18853,1217),(18854,104),(18855,4721),(18855,9187),(18860,4031),(18861,1969),(18864,5734),(18866,5019),(18866,6228),(18867,266),(18869,7134),(18871,8360),(18872,4941),(18875,2424),(18876,3845),(18877,276),(18877,5362),(18880,1035),(18884,2762),(18886,5498),(18886,7663),(18887,4545),(18887,5120),(18894,4620),(18894,5636),(18895,9516),(18897,4888),(18900,668),(18905,71),(18907,1887),(18907,2010),(18907,7983),(18908,437),(18908,9879),(18915,2044),(18915,3744),(18916,8455),(18917,833),(18918,1812),(18921,5686),(18927,7726),(18932,3486),(18938,8123),(18939,3566),(18941,6168),(18942,6222),(18942,6564),(18943,2665),(18944,9218),(18946,6942),(18950,4629),(18951,2113),(18955,366),(18955,4110),(18955,4178),(18955,9238),(18956,6410),(18958,491),(18958,5119),(18960,2625),(18964,2979),(18964,4541),(18965,5576),(18967,1931),(18967,3281),(18967,5148),(18967,8208),(18970,605),(18973,2611),(18974,5680),(18975,6625),(18981,3352),(18981,7082),(18986,413),(18986,9898),(18987,2337),(18990,9249),(18992,3503),(18993,9599),(19002,2180),(19007,281),(19009,4942),(19009,5757),(19009,9533),(19010,812),(19010,5289),(19011,28),(19013,3967),(19013,9823),(19014,8151),(19019,1361),(19021,6915),(19021,9422),(19023,2334),(19025,6211),(19025,6402),(19026,9710),(19030,5124),(19032,8839),(19035,6268),(19036,7460),(19038,8766),(19040,1884),(19040,6726),(19041,6018),(19042,6652),(19046,317),(19046,9485),(19048,8179),(19049,7047),(19053,3425),(19053,8144),(19057,1333),(19058,2368),(19060,2480),(19061,2096),(19062,4496),(19068,1162),(19069,3995),(19070,3310),(19072,4138),(19076,6142),(19077,1669),(19078,4266),(19086,6616),(19089,6898),(19093,3318),(19093,9642),(19099,1759),(19099,9167),(19101,1063),(19101,5019),(19102,5383),(19102,5431),(19103,6345),(19106,9223),(19108,8244),(19111,2373),(19111,6489),(19118,8534),(19119,8892),(19120,3104),(19124,3508),(19128,9791),(19129,6422),(19130,3844),(19132,2143),(19132,4101),(19138,8257),(19139,1615),(19139,2981),(19139,3673),(19151,422),(19151,3637),(19152,7876),(19154,1771),(19155,19),(19155,4197),(19156,1261),(19156,2283),(19157,8006),(19158,9382),(19161,6018),(19166,854),(19167,7409),(19171,8644),(19172,3888),(19173,5776),(19175,1398),(19179,3366),(19181,5649),(19181,8150),(19182,4273),(19185,3713),(19186,254),(19189,301),(19189,6547),(19189,8663),(19190,1064),(19190,2127),(19190,9526),(19191,1009),(19192,2063),(19192,8886),(19194,625),(19194,7406),(19199,7223),(19203,8119),(19206,1503),(19207,7829),(19210,6808),(19211,4849),(19212,3614),(19212,3783),(19216,4236),(19217,5612),(19218,7784),(19219,6295),(19219,8408),(19221,1397),(19229,144),(19229,7954),(19231,2765),(19233,3959),(19234,7235),(19235,5838),(19236,8762),(19237,6893),(19239,7996),(19242,767),(19242,7972),(19243,1179),(19247,6925),(19248,6990),(19253,5276),(19254,5860),(19255,1021),(19259,630),(19265,7647),(19266,3447),(19268,9804),(19270,6633),(19270,7836),(19270,8775),(19270,9526),(19271,1664),(19274,2154),(19275,4699),(19275,8746),(19278,9949),(19281,9264),(19283,2033),(19283,5971),(19284,5474),(19291,7861),(19293,6021),(19294,1857),(19294,6873),(19300,4817),(19305,9537),(19308,1806),(19309,986),(19314,1474),(19314,7511),(19316,2752),(19316,3670),(19316,3885),(19317,5768),(19319,6397),(19319,9970),(19324,3912),(19325,518),(19325,1840),(19325,7582),(19325,8055),(19330,5759),(19330,9089),(19330,9981),(19334,5802),(19334,5944),(19334,6822),(19339,4240),(19339,4379),(19342,2109),(19343,950),(19348,1108),(19352,1722),(19354,6846),(19355,1367),(19358,4868),(19358,6497),(19359,3556),(19360,6680),(19364,9187),(19367,2127),(19367,7112),(19370,9123),(19371,2101),(19371,2311),(19371,9550),(19373,767),(19373,968),(19373,5988),(19376,3999),(19376,5432),(19377,6292),(19379,7331),(19380,8383),(19383,2364),(19385,3199),(19386,4215),(19386,5074),(19389,7282),(19392,4665),(19393,8240),(19395,5152),(19397,4682),(19398,1613),(19399,6452),(19401,7438),(19401,7539),(19401,9834),(19403,6290),(19406,4575),(19411,2086),(19414,5394),(19416,281),(19416,2504),(19416,3273),(19417,1836),(19420,4001),(19422,740),(19422,7065),(19423,6683),(19425,6590),(19427,5049),(19429,3842),(19429,9525),(19432,1586),(19433,5426),(19433,7849),(19434,9970),(19436,457),(19439,3764),(19440,1635),(19440,9739),(19444,7103),(19445,9423),(19446,4958),(19447,7347),(19449,5324),(19449,7533),(19451,514),(19452,385),(19453,2415),(19453,8163),(19455,517),(19456,3227),(19457,7527),(19459,9820),(19464,2628),(19465,8077),(19468,5910),(19470,6781),(19472,5749),(19473,6459),(19475,329),(19475,3333),(19475,9237),(19476,9230),(19477,4799),(19478,4421),(19482,735),(19483,5747),(19483,7530),(19484,3880),(19485,6075),(19491,4995),(19491,6022),(19493,8785),(19495,3762),(19497,9075),(19501,8161),(19502,1554),(19506,4392),(19507,6165),(19507,8664),(19510,4394),(19512,2701),(19514,7650),(19517,1094),(19520,1327),(19521,1356),(19523,8207),(19524,2710),(19524,6533),(19530,404),(19530,8601),(19532,5636),(19538,5549),(19539,5609),(19539,9837),(19540,8322),(19542,309),(19546,4822),(19546,5690),(19548,5955),(19551,6827),(19552,5519),(19553,5283),(19553,6982),(19555,5290),(19560,8203),(19560,9284),(19561,1308),(19564,8847),(19565,7453),(19565,7684),(19573,5192),(19574,2405),(19578,5200),(19578,8869),(19581,4),(19583,5403),(19585,4103),(19586,6049),(19589,2899),(19590,1550),(19590,6254),(19591,3611),(19591,8217),(19596,3876),(19597,1966),(19599,8492),(19606,1462),(19606,3254),(19608,8551),(19609,6318),(19613,7156),(19614,69),(19615,2039),(19621,7524),(19623,3392),(19623,6627),(19624,1952),(19627,2416),(19631,5526),(19633,4841),(19633,6363),(19638,7606),(19639,111),(19640,8043),(19641,5941),(19641,7964),(19641,8417),(19643,6716),(19647,1700),(19647,7228),(19650,1574),(19654,9387),(19658,5719),(19661,320),(19667,2580),(19672,2020),(19672,2848),(19672,5135),(19673,2012),(19675,2100),(19678,3510),(19678,3624),(19679,1629),(19680,3612),(19680,6146),(19685,6399),(19688,956),(19689,8511),(19690,9896),(19693,636),(19694,5227),(19694,8349),(19695,4765),(19696,3876),(19697,7162),(19701,6797),(19702,9760),(19705,4391),(19706,5242),(19707,7737),(19707,9999),(19709,5280),(19709,9224),(19710,9966),(19712,6254),(19714,9349),(19717,7401),(19722,1836),(19725,3177),(19729,5995),(19730,6308),(19731,5066),(19731,7382),(19732,6262),(19734,6387),(19734,6900),(19734,9620),(19736,2340),(19736,8164),(19736,8879),(19739,9682),(19742,561),(19742,5073),(19742,5271),(19745,843),(19755,2875),(19759,6531),(19760,8224),(19762,7541),(19763,8195),(19771,8039),(19772,6305),(19772,8813),(19775,4535),(19777,2894),(19778,2953),(19779,9273),(19781,469),(19784,4649),(19786,4702),(19789,427),(19789,5811),(19789,6382),(19790,8708),(19793,2115),(19795,8722),(19797,5461),(19800,2790),(19801,3036),(19802,3610),(19806,2047),(19813,7415),(19815,3342),(19818,6419),(19819,2207),(19821,93),(19824,592),(19827,1227),(19828,2091),(19830,7600),(19834,5059),(19838,3107),(19839,2518),(19839,6293),(19840,6516),(19841,6021),(19843,205),(19844,3644),(19850,8372),(19854,363),(19864,8127),(19864,8847),(19865,1843),(19867,417),(19868,2561),(19872,9565),(19873,565),(19873,1233),(19875,154),(19876,1386),(19876,9743),(19885,3982),(19886,1261),(19887,4714),(19888,9592),(19891,127),(19892,1626),(19893,4489),(19894,152),(19896,4691),(19898,4838),(19901,4974),(19903,5052),(19903,9015),(19905,8321),(19907,6834),(19909,1043),(19911,539),(19917,3658),(19918,2094),(19918,4295),(19919,9569),(19921,1075),(19921,2224),(19922,3817),(19925,1448),(19925,6576),(19926,7703),(19930,1719),(19931,4606),(19936,6528),(19937,300),(19937,6756),(19938,7478),(19939,6316),(19940,3028),(19942,2572),(19943,3138),(19944,1982),(19944,2494),(19945,1476),(19945,7786),(19947,746),(19947,858),(19947,3340),(19948,1151),(19948,2894),(19953,3575),(19959,905),(19962,5007),(19963,7953),(19965,3694),(19967,1386),(19967,8499),(19969,6937),(19971,9545),(19972,876),(19972,1550),(19973,2133),(19973,8493),(19976,111),(19976,4714),(19976,5174),(19976,9454),(19979,2186),(19979,7073),(19982,73),(19995,2939),(19997,7115),(19999,4913)]
Wrong result
Use --quickcheck-replay=3 to reproduce.</failure></testcase></testsuite></testsuite><testsuite name="Unit Tests" tests="0" /></testsuite></testsuites>