<?xml version='1.0' ?><testsuites errors="0" failures="2" tests="2" time="0.001"><testsuite name="Tests" tests="2"><testcase name="Smol" time="0.000" classname="Tests"><failure>*** Failed! (after 1 test):
Exception:
  test/Test.hs:50:60-88: Non-exhaustive patterns in lambda
(*)
Use --quickcheck-replay=1 --quickcheck-max-size=50 to reproduce.</failure></testcase><testcase name="Beeg" time="0.000" classname="Tests"><failure>*** Failed! (after 1 test):
Exception:
  test/Test.hs:50:60-88: Non-exhaustive patterns in lambda
(*)
Use --quickcheck-replay=1 --quickcheck-max-size=300 to reproduce.</failure></testcase></testsuite></testsuites>