<?xml version='1.0' ?><testsuites errors="2" failures="0" tests="2" time="45.089"><testsuite name="Tests" tests="2"><testsuite name="Properties" tests="2"><testsuite name="Checked by SmallCheck" tests="0" /><testsuite name="Checked by QuickCheck" tests="1"><testcase name="Test Small Input" time="15.029" classname="Tests.Properties.Checked by QuickCheck"><failure>TimeOut</failure></testcase></testsuite><testsuite name="Checked by QuickCheck" tests="1"><testcase name="Test Big Input" time="30.060" classname="Tests.Properties.Checked by QuickCheck"><failure>TimeOut</failure></testcase></testsuite></testsuite><testsuite name="Unit Tests" tests="0" /></testsuite></testsuites>