<?xml version='1.0' ?><testsuites errors="0" failures="0" tests="2" time="0.468"><testsuite name="Tests" tests="2"><testsuite name="Properties" tests="2"><testsuite name="Checked by SmallCheck" tests="0" /><testsuite name="Checked by QuickCheck" tests="2"><testcase name="Partial" time="0.034" classname="Tests.Properties.Checked by QuickCheck" /><testcase name="Total" time="0.419" classname="Tests.Properties.Checked by QuickCheck" /></testsuite></testsuite><testsuite name="Unit Tests" tests="0" /></testsuite></testsuites>