<?xml version='1.0' ?><testsuites errors="0" failures="2" tests="2" time="0.095"><testsuite name="Tests" tests="2"><testsuite name="Properties" tests="2"><testsuite name="Checked by SmallCheck" tests="0" /><testsuite name="Checked by QuickCheck" tests="2"><testcase name="Test Small Input" time="0.000" classname="Tests.Properties.Checked by QuickCheck"><failure>*** Failed! Falsified (after 2 tests and 5 shrinks):
(*)
Wrong Result
Use --quickcheck-replay=1 --quickcheck-max-size=10000 to reproduce.</failure></testcase><testcase name="Test Large Input" time="0.094" classname="Tests.Properties.Checked by QuickCheck"><failure>*** Failed! Falsified (after 2 tests and 19 shrinks):
(*)
Wrong Result
Use --quickcheck-replay=1 --quickcheck-max-size=1000000 to reproduce.</failure></testcase></testsuite></testsuite><testsuite name="Unit Tests" tests="0" /></testsuite></testsuites>