<?xml version='1.0' ?><testsuites errors="0" failures="0" tests="2" time="2.424"><testsuite name="Tests" tests="2"><testsuite name="Properties" tests="2"><testsuite name="Checked by SmallCheck" tests="0" /><testsuite name="Checked by QuickCheck" tests="2"><testcase name="Test Small Input" time="0.394" classname="Tests.Properties.Checked by QuickCheck" /><testcase name="Test Large Input" time="2.030" classname="Tests.Properties.Checked by QuickCheck" /></testsuite></testsuite><testsuite name="Unit Tests" tests="0" /></testsuite></testsuites>