<?xml version='1.0' ?><testsuites errors="1" failures="0" tests="2" time="1.090"><testsuite name="Tests" tests="2"><testsuite name="Properties" tests="2"><testsuite name="Checked by SmallCheck" tests="0" /><testsuite name="Checked by QuickCheck" tests="2"><testcase name="Partial" time="0.057" classname="Tests.Properties.Checked by QuickCheck" /><testcase name="Total" time="1.020" classname="Tests.Properties.Checked by QuickCheck"><failure>TimeOut</failure></testcase></testsuite></testsuite><testsuite name="Unit Tests" tests="0" /></testsuite></testsuites>