<?xml version='1.0' ?><testsuites errors="0" failures="0" tests="2" time="6.642"><testsuite name="Tests" tests="2"><testsuite name="Properties" tests="2"><testsuite name="Checked by SmallCheck" tests="0" /><testsuite name="Checked by QuickCheck" tests="1"><testcase name="Test Small Input" time="0.589" classname="Tests.Properties.Checked by QuickCheck" /></testsuite><testsuite name="Checked by QuickCheck" tests="1"><testcase name="Test Big Input" time="6.053" classname="Tests.Properties.Checked by QuickCheck" /></testsuite></testsuite><testsuite name="Unit Tests" tests="0" /></testsuite></testsuites>